#
# There is insufficient memory for the Java Runtime Environment to continue.
# Native memory allocation (malloc) failed to allocate 1054656 bytes for Chunk::new
# Possible reasons:
#   The system is out of physical RAM or swap space
#   The process is running with CompressedOops enabled, and the Java Heap may be blocking the growth of the native heap
# Possible solutions:
#   Reduce memory load on the system
#   Increase physical memory or swap space
#   Check if swap backing store is full
#   Decrease Java heap size (-Xmx/-Xms)
#   Decrease number of Java threads
#   Decrease Java thread stack sizes (-Xss)
#   Set larger code cache with -XX:ReservedCodeCacheSize=
#   JVM is running with Unscaled Compressed Oops mode in which the Java heap is
#     placed in the first 4GB address space. The Java Heap base address is the
#     maximum limit for the native heap growth. Please use -XX:HeapBaseMinAddress
#     to set the Java Heap base and to place the Java Heap above 4GB virtual address.
# This output file may be truncated or incomplete.
#
#  Out of Memory Error (./open/src/hotspot/share/memory/arena.cpp:197), pid=22668, tid=26512
#
# JRE version: Java(TM) SE Runtime Environment 18.9 (11.0.17+10) (build 11.0.17+10-LTS-269)
# Java VM: Java HotSpot(TM) 64-Bit Server VM 18.9 (11.0.17+10-LTS-269, mixed mode, tiered, compressed oops, g1 gc, windows-amd64)
# No core dump will be written. Minidumps are not enabled by default on client versions of Windows
#

---------------  S U M M A R Y ------------

Command Line: -Dorg.gradle.internal.worker.tmpdir=E:\Repo\Test-Automation-Framework-API-Web-UI\build\tmp\test\work -Dorg.gradle.native=false -Xmx512m -Dfile.encoding=windows-1252 -Duser.country=US -Duser.language=en -Duser.variant -ea worker.org.gradle.process.internal.worker.GradleWorkerMain 'Gradle Test Executor 1'

Host: Intel(R) Core(TM) m5-6Y57 CPU @ 1.10GHz, 4 cores, 7G,  Windows 10 , 64 bit Build 19041 (10.0.19041.2546)
Time: Fri Mar 31 16:06:56 2023 SE Asia Standard Time elapsed time: 3109.227979 seconds (0d 0h 51m 49s)

---------------  T H R E A D  ---------------

Current thread (0x000002b765a19800):  JavaThread "C2 CompilerThread0" daemon [_thread_in_native, id=26512, stack(0x000000c40c900000,0x000000c40ca00000)]


Current CompileTask:
C2:3109228 8429   !   4       java.io.ObjectOutputStream::writeObject0 (619 bytes)

Stack: [0x000000c40c900000,0x000000c40ca00000]
Native frames: (J=compiled Java code, j=interpreted, Vv=VM code, C=native code)
V  [jvm.dll+0x62b5da]
V  [jvm.dll+0x7653df]
V  [jvm.dll+0x766a89]
V  [jvm.dll+0x767113]
V  [jvm.dll+0x23dd28]
V  [jvm.dll+0xb2a1c]
V  [jvm.dll+0xb2fdc]
V  [jvm.dll+0x2aeaa4]
V  [jvm.dll+0x53e83b]
V  [jvm.dll+0x200b17]
V  [jvm.dll+0x1fa89a]
V  [jvm.dll+0x1f77dd]
V  [jvm.dll+0x177c91]
V  [jvm.dll+0x207296]
V  [jvm.dll+0x20542b]
V  [jvm.dll+0x72b2c0]
V  [jvm.dll+0x723e64]
V  [jvm.dll+0x62a485]
C  [ucrtbase.dll+0x21bb2]
C  [KERNEL32.DLL+0x17614]
C  [ntdll.dll+0x526a1]


---------------  P R O C E S S  ---------------

Threads class SMR info:
_java_thread_list=0x000002b766cd8180, length=320, elements={
0x000002b7492c5000, 0x000002b765074800, 0x000002b76509f000, 0x000002b7650f0800,
0x000002b7650f2800, 0x000002b765a11000, 0x000002b765a19800, 0x000002b765a1e800,
0x000002b7650f6000, 0x000002b765b05800, 0x000002b76630e000, 0x000002b7665c5000,
0x000002b7665f5000, 0x000002b76848a800, 0x000002b768ee5800, 0x000002b766fd3000,
0x000002b768890800, 0x000002b7676a0800, 0x000002b766af8000, 0x000002b766afa800,
0x000002b766afc800, 0x000002b766afb800, 0x000002b766afd000, 0x000002b766af7800,
0x000002b766afe000, 0x000002b766af9000, 0x000002b766afa000, 0x000002b767451800,
0x000002b76744f800, 0x000002b767453800, 0x000002b767456000, 0x000002b767451000,
0x000002b767450000, 0x000002b767456800, 0x000002b767454000, 0x000002b767457800,
0x000002b767455000, 0x000002b767458800, 0x000002b767452800, 0x000002b767459000,
0x000002b76745d000, 0x000002b76745e000, 0x000002b76745a000, 0x000002b76745a800,
0x000002b76745b800, 0x000002b76745c800, 0x000002b7688f8000, 0x000002b7688fa800,
0x000002b7688f5800, 0x000002b7688f6800, 0x000002b7688f9800, 0x000002b7688fc000,
0x000002b7688f9000, 0x000002b7688fb800, 0x000002b7688fd000, 0x000002b7688f7000,
0x000002b7688fd800, 0x000002b768903800, 0x000002b768902000, 0x000002b7688fe800,
0x000002b7688ff800, 0x000002b768901000, 0x000002b768902800, 0x000002b768900000,
0x000002b768904800, 0x000002b766f58000, 0x000002b766f55800, 0x000002b766f56800,
0x000002b766f5b800, 0x000002b766f5c000, 0x000002b766f5a800, 0x000002b766f5d000,
0x000002b766f57000, 0x000002b766f5e800, 0x000002b766f59000, 0x000002b766f5e000,
0x000002b766f5f800, 0x000002b766f59800, 0x000002b766f60000, 0x000002b766f61000,
0x000002b766f62800, 0x000002b766f62000, 0x000002b766f63800, 0x000002b766f64800,
0x000002b765e96800, 0x000002b765e92000, 0x000002b765e95800, 0x000002b765e91800,
0x000002b765e98800, 0x000002b765e94800, 0x000002b765e93000, 0x000002b765e97000,
0x000002b765e98000, 0x000002b765e99800, 0x000002b765e94000, 0x000002b765e9f000,
0x000002b765e9b000, 0x000002b765e9a800, 0x000002b765e9d800, 0x000002b765e9d000,
0x000002b765e9e800, 0x000002b765e9c000, 0x000002b765ea0000, 0x000002b768de0000,
0x000002b768de0800, 0x000002b768dde800, 0x000002b768de1800, 0x000002b768ddf000,
0x000002b768de3000, 0x000002b768de4000, 0x000002b768de6800, 0x000002b768de8000,
0x000002b768de5000, 0x000002b768de7800, 0x000002b768de5800, 0x000002b768de2800,
0x000002b768dea800, 0x000002b768deb800, 0x000002b768dec000, 0x000002b768de9000,
0x000002b768ded000, 0x000002b768dcc000, 0x000002b768dc6800, 0x000002b768dcb000,
0x000002b768dcd000, 0x000002b768dc7000, 0x000002b768dc8800, 0x000002b768dca800,
0x000002b768dc9800, 0x000002b768dcd800, 0x000002b768dc8000, 0x000002b768dcf800,
0x000002b768dd0000, 0x000002b768dce800, 0x000002b768dd2800, 0x000002b768dd3800,
0x000002b768dd1800, 0x000002b768dd1000, 0x000002b768dd4000, 0x000002b768dd5000,
0x000002b768de9800, 0x000002b767953000, 0x000002b767957800, 0x000002b767959800,
0x000002b767954000, 0x000002b767956800, 0x000002b767955000, 0x000002b767958000,
0x000002b767959000, 0x000002b76795a800, 0x000002b767955800, 0x000002b76795f800,
0x000002b767961000, 0x000002b76795c000, 0x000002b76795b800, 0x000002b76795e800,
0x000002b767960000, 0x000002b767962000, 0x000002b76795d000, 0x000002b7684fb000,
0x000002b7684fd800, 0x000002b7684fc800, 0x000002b7684ff000, 0x000002b7684fe000,
0x000002b7684f9000, 0x000002b768500000, 0x000002b7684fb800, 0x000002b7684fa000,
0x000002b768505800, 0x000002b768500800, 0x000002b768504800, 0x000002b768506800,
0x000002b768507000, 0x000002b768501800, 0x000002b768503000, 0x000002b768508000,
0x000002b768502000, 0x000002b768504000, 0x000002b766c10000, 0x000002b766c0c000,
0x000002b766c0e800, 0x000002b766c11000, 0x000002b766c0f800, 0x000002b766c0b000,
0x000002b766c11800, 0x000002b766c12800, 0x000002b766c13800, 0x000002b766c0d800,
0x000002b766c0d000, 0x000002b766c18000, 0x000002b766c1a000, 0x000002b766c16800,
0x000002b766c16000, 0x000002b766c19000, 0x000002b766c14000, 0x000002b766c1a800,
0x000002b766c15000, 0x000002b766c1b800, 0x000002b766c21000, 0x000002b766c1d000,
0x000002b766c1e000, 0x000002b766c1f800, 0x000002b766c20800, 0x000002b766c1c800,
0x000002b766c17800, 0x000002b766c23000, 0x000002b766c23800, 0x000002b766c24800,
0x000002b766c1f000, 0x000002b766c25800, 0x000002b766c27000, 0x000002b766c29800,
0x000002b766c2a000, 0x000002b766c28000, 0x000002b766c26000, 0x000002b766c22000,
0x000002b76795e000, 0x000002b7687c7000, 0x000002b7687c4800, 0x000002b7687c3000,
0x000002b7687c3800, 0x000002b7687c6000, 0x000002b7687c1800, 0x000002b7687c8000,
0x000002b7687c5800, 0x000002b7687c2000, 0x000002b7687cc800, 0x000002b7687ca000,
0x000002b7687cb000, 0x000002b7687ce800, 0x000002b7687c8800, 0x000002b7687cf000,
0x000002b7687c9800, 0x000002b7687d1000, 0x000002b7687d1800, 0x000002b7687cc000,
0x000002b7687cd800, 0x000002b7687d7800, 0x000002b7687d0000, 0x000002b7687d6800,
0x000002b7687d8000, 0x000002b7687d5800, 0x000002b7687d5000, 0x000002b7687d9000,
0x000002b7687d3000, 0x000002b7687da000, 0x000002b7687d4000, 0x000002b7687db800,
0x000002b7687d2800, 0x000002b7687dc000, 0x000002b7687df800, 0x000002b7687e0800,
0x000002b7687dd000, 0x000002b7687da800, 0x000002b7687de000, 0x000002b7687de800,
0x000002b766b62000, 0x000002b766b60800, 0x000002b766b5d000, 0x000002b766b5f000,
0x000002b766b63000, 0x000002b766b61800, 0x000002b766b5f800, 0x000002b766b64000,
0x000002b766b5e000, 0x000002b766b66000, 0x000002b766b67000, 0x000002b766b69800,
0x000002b766b6a800, 0x000002b766b64800, 0x000002b766b65800, 0x000002b766b6b000,
0x000002b766b6d800, 0x000002b766b68000, 0x000002b766b6c000, 0x000002b766b6c800,
0x000002b766b6e800, 0x000002b766b68800, 0x000002b766b72800, 0x000002b766b6f000,
0x000002b766b70000, 0x000002b766b73800, 0x000002b766b71800, 0x000002b766b75000,
0x000002b766b74000, 0x000002b766b75800, 0x000002b766b76800, 0x000002b766b71000,
0x000002b766b78000, 0x000002b766b7a800, 0x000002b766b79000, 0x000002b766b7b800,
0x000002b766b7c800, 0x000002b766b77800, 0x000002b766b7a000, 0x000002b76870c800,
0x000002b76870a000, 0x000002b76870d800, 0x000002b76870e000, 0x000002b76870f000,
0x000002b768710000, 0x000002b768710800, 0x000002b768711800, 0x000002b76870b000,
0x000002b76870b800, 0x000002b768714800, 0x000002b768718000, 0x000002b768714000,
0x000002b768712000, 0x000002b768718800, 0x000002b768713000, 0x000002b76871a800,
0x000002b768717000, 0x000002b76871b000, 0x000002b768719800, 0x000002b768715800,
0x000002b76871c000, 0x000002b768716800, 0x000002b76871d000, 0x000002b76871f800
}

Java Threads: ( => current thread )
  0x000002b7492c5000 JavaThread "Forwarding newSession on session null to remote" [_thread_blocked, id=21516, stack(0x000000c40bd00000,0x000000c40be00000)]
  0x000002b765074800 JavaThread "Reference Handler" daemon [_thread_blocked, id=15136, stack(0x000000c40c400000,0x000000c40c500000)]
  0x000002b76509f000 JavaThread "Finalizer" daemon [_thread_blocked, id=25976, stack(0x000000c40c500000,0x000000c40c600000)]
  0x000002b7650f0800 JavaThread "Signal Dispatcher" daemon [_thread_blocked, id=24432, stack(0x000000c40c600000,0x000000c40c700000)]
  0x000002b7650f2800 JavaThread "Attach Listener" daemon [_thread_blocked, id=23144, stack(0x000000c40c700000,0x000000c40c800000)]
  0x000002b765a11000 JavaThread "Service Thread" daemon [_thread_blocked, id=21080, stack(0x000000c40c800000,0x000000c40c900000)]
=>0x000002b765a19800 JavaThread "C2 CompilerThread0" daemon [_thread_in_native, id=26512, stack(0x000000c40c900000,0x000000c40ca00000)]
  0x000002b765a1e800 JavaThread "C1 CompilerThread0" daemon [_thread_blocked, id=24592, stack(0x000000c40ca00000,0x000000c40cb00000)]
  0x000002b7650f6000 JavaThread "Sweeper thread" daemon [_thread_blocked, id=18704, stack(0x000000c40cb00000,0x000000c40cc00000)]
  0x000002b765b05800 JavaThread "Common-Cleaner" daemon [_thread_blocked, id=8020, stack(0x000000c40cd00000,0x000000c40ce00000)]
  0x000002b76630e000 JavaThread "/127.0.0.1:61787 to /127.0.0.1:61785 workers" [_thread_blocked, id=16236, stack(0x000000c40d000000,0x000000c40d100000)]
  0x000002b7665c5000 JavaThread "/127.0.0.1:61787 to /127.0.0.1:61785 workers Thread 2" [_thread_blocked, id=24392, stack(0x000000c40d100000,0x000000c40d200000)]
  0x000002b7665f5000 JavaThread "/127.0.0.1:61787 to /127.0.0.1:61785 workers Thread 3" [_thread_in_native, id=24912, stack(0x000000c40d200000,0x000000c40d300000)]
  0x000002b76848a800 JavaThread "ForkJoinPool.commonPool-worker-3" daemon [_thread_blocked, id=23816, stack(0x000000c40d600000,0x000000c40d700000)]
  0x000002b768ee5800 JavaThread "AsyncHttpClient-1-1" daemon [_thread_blocked, id=12072, stack(0x000000c40d700000,0x000000c40d800000)]
  0x000002b766fd3000 JavaThread "Exec Default Executor" daemon [_thread_in_native, id=16096, stack(0x000000c40d500000,0x000000c40d600000)]
  0x000002b768890800 JavaThread "Driver Service Executor" daemon [_thread_blocked, id=14400, stack(0x000000c40d800000,0x000000c40d900000)]
  0x000002b7676a0800 JavaThread "Driver Service Executor" daemon [_thread_blocked, id=23100, stack(0x000000c40d900000,0x000000c40da00000)]
  0x000002b766af8000 JavaThread "Exec Stream Pumper" daemon [_thread_in_native, id=3852, stack(0x000000c40db00000,0x000000c40dc00000)]
  0x000002b766afa800 JavaThread "Exec Stream Pumper" daemon [_thread_in_native, id=6412, stack(0x000000c40dc00000,0x000000c40dd00000)]
  0x000002b766afc800 JavaThread "AsyncHttpClient-1-2" daemon [_thread_in_native, id=16760, stack(0x000000c40de00000,0x000000c40df00000)]
  0x000002b766afb800 JavaThread "AsyncHttpClient-1-3" daemon [_thread_in_native, id=20052, stack(0x000000c40df00000,0x000000c40e000000)]
  0x000002b766afd000 JavaThread "AsyncHttpClient-1-4" daemon [_thread_in_native, id=2588, stack(0x000000c40e000000,0x000000c40e100000)]
  0x000002b766af7800 JavaThread "Exec Default Executor" daemon [_thread_in_native, id=18300, stack(0x000000c40e200000,0x000000c40e300000)]
  0x000002b766afe000 JavaThread "Driver Service Executor" daemon [_thread_blocked, id=25920, stack(0x000000c40e300000,0x000000c40e400000)]
  0x000002b766af9000 JavaThread "Driver Service Executor" daemon [_thread_blocked, id=14788, stack(0x000000c40e400000,0x000000c40e500000)]
  0x000002b766afa000 JavaThread "Exec Stream Pumper" daemon [_thread_in_native, id=26476, stack(0x000000c40e500000,0x000000c40e600000)]
  0x000002b767451800 JavaThread "Exec Stream Pumper" daemon [_thread_in_native, id=17500, stack(0x000000c40e600000,0x000000c40e700000)]
  0x000002b76744f800 JavaThread "AsyncHttpClient-1-5" daemon [_thread_in_native, id=13468, stack(0x000000c40e800000,0x000000c40e900000)]
  0x000002b767453800 JavaThread "AsyncHttpClient-1-6" daemon [_thread_in_native, id=16000, stack(0x000000c40e700000,0x000000c40e800000)]
  0x000002b767456000 JavaThread "AsyncHttpClient-1-7" daemon [_thread_in_native, id=18976, stack(0x000000c40e900000,0x000000c40ea00000)]
  0x000002b767451000 JavaThread "Exec Default Executor" daemon [_thread_in_native, id=21224, stack(0x000000c40bb00000,0x000000c40bc00000)]
  0x000002b767450000 JavaThread "Driver Service Executor" daemon [_thread_blocked, id=23564, stack(0x000000c40bc00000,0x000000c40bd00000)]
  0x000002b767456800 JavaThread "Driver Service Executor" daemon [_thread_blocked, id=19004, stack(0x000000c40ea00000,0x000000c40eb00000)]
  0x000002b767454000 JavaThread "Exec Stream Pumper" daemon [_thread_in_native, id=22688, stack(0x000000c40eb00000,0x000000c40ec00000)]
  0x000002b767457800 JavaThread "Exec Stream Pumper" daemon [_thread_in_native, id=17904, stack(0x000000c40ec00000,0x000000c40ed00000)]
  0x000002b767455000 JavaThread "AsyncHttpClient-1-8" daemon [_thread_in_native, id=22348, stack(0x000000c40ee00000,0x000000c40ef00000)]
  0x000002b767458800 JavaThread "AsyncHttpClient-1-9" daemon [_thread_in_native, id=25664, stack(0x000000c40ba00000,0x000000c40bb00000)]
  0x000002b767452800 JavaThread "Exec Default Executor" daemon [_thread_in_native, id=22520, stack(0x000000c40ef00000,0x000000c40f000000)]
  0x000002b767459000 JavaThread "Driver Service Executor" daemon [_thread_blocked, id=9264, stack(0x000000c40f000000,0x000000c40f100000)]
  0x000002b76745d000 JavaThread "Driver Service Executor" daemon [_thread_blocked, id=22320, stack(0x000000c40f100000,0x000000c40f200000)]
  0x000002b76745e000 JavaThread "Exec Stream Pumper" daemon [_thread_in_native, id=24108, stack(0x000000c40f200000,0x000000c40f300000)]
  0x000002b76745a000 JavaThread "Exec Stream Pumper" daemon [_thread_in_native, id=24460, stack(0x000000c40f300000,0x000000c40f400000)]
  0x000002b76745a800 JavaThread "Exec Default Executor" daemon [_thread_in_native, id=17520, stack(0x000000c40ed00000,0x000000c40ee00000)]
  0x000002b76745b800 JavaThread "Driver Service Executor" daemon [_thread_blocked, id=20404, stack(0x000000c40f400000,0x000000c40f500000)]
  0x000002b76745c800 JavaThread "Driver Service Executor" daemon [_thread_blocked, id=6192, stack(0x000000c40f500000,0x000000c40f600000)]
  0x000002b7688f8000 JavaThread "Exec Stream Pumper" daemon [_thread_in_native, id=1748, stack(0x000000c40f600000,0x000000c40f700000)]
  0x000002b7688fa800 JavaThread "Exec Stream Pumper" daemon [_thread_in_native, id=19152, stack(0x000000c40f700000,0x000000c40f800000)]
  0x000002b7688f5800 JavaThread "Exec Default Executor" daemon [_thread_in_native, id=2768, stack(0x000000c40f800000,0x000000c40f900000)]
  0x000002b7688f6800 JavaThread "Driver Service Executor" daemon [_thread_blocked, id=23344, stack(0x000000c40f900000,0x000000c40fa00000)]
  0x000002b7688f9800 JavaThread "Driver Service Executor" daemon [_thread_blocked, id=20920, stack(0x000000c40fa00000,0x000000c40fb00000)]
  0x000002b7688fc000 JavaThread "Exec Stream Pumper" daemon [_thread_in_native, id=16980, stack(0x000000c40fb00000,0x000000c40fc00000)]
  0x000002b7688f9000 JavaThread "Exec Stream Pumper" daemon [_thread_in_native, id=21688, stack(0x000000c40fc00000,0x000000c40fd00000)]
  0x000002b7688fb800 JavaThread "Exec Default Executor" daemon [_thread_in_native, id=15580, stack(0x000000c40fd00000,0x000000c40fe00000)]
  0x000002b7688fd000 JavaThread "Driver Service Executor" daemon [_thread_blocked, id=5972, stack(0x000000c40fe00000,0x000000c40ff00000)]
  0x000002b7688f7000 JavaThread "Driver Service Executor" daemon [_thread_blocked, id=20572, stack(0x000000c40ff00000,0x000000c410000000)]
  0x000002b7688fd800 JavaThread "Exec Stream Pumper" daemon [_thread_in_native, id=19856, stack(0x000000c410000000,0x000000c410100000)]
  0x000002b768903800 JavaThread "Exec Stream Pumper" daemon [_thread_in_native, id=9316, stack(0x000000c410100000,0x000000c410200000)]
  0x000002b768902000 JavaThread "Exec Default Executor" daemon [_thread_in_native, id=20376, stack(0x000000c410200000,0x000000c410300000)]
  0x000002b7688fe800 JavaThread "Driver Service Executor" daemon [_thread_blocked, id=21664, stack(0x000000c410300000,0x000000c410400000)]
  0x000002b7688ff800 JavaThread "Driver Service Executor" daemon [_thread_blocked, id=2836, stack(0x000000c410400000,0x000000c410500000)]
  0x000002b768901000 JavaThread "Exec Stream Pumper" daemon [_thread_in_native, id=14636, stack(0x000000c410500000,0x000000c410600000)]
  0x000002b768902800 JavaThread "Exec Stream Pumper" daemon [_thread_in_native, id=9136, stack(0x000000c410600000,0x000000c410700000)]
  0x000002b768900000 JavaThread "Exec Default Executor" daemon [_thread_in_native, id=5968, stack(0x000000c410700000,0x000000c410800000)]
  0x000002b768904800 JavaThread "Driver Service Executor" daemon [_thread_blocked, id=16016, stack(0x000000c410800000,0x000000c410900000)]
  0x000002b766f58000 JavaThread "Driver Service Executor" daemon [_thread_blocked, id=24424, stack(0x000000c410900000,0x000000c410a00000)]
  0x000002b766f55800 JavaThread "Exec Stream Pumper" daemon [_thread_in_native, id=24084, stack(0x000000c410a00000,0x000000c410b00000)]
  0x000002b766f56800 JavaThread "Exec Stream Pumper" daemon [_thread_in_native, id=26240, stack(0x000000c410b00000,0x000000c410c00000)]
  0x000002b766f5b800 JavaThread "Exec Default Executor" daemon [_thread_in_native, id=3260, stack(0x000000c410c00000,0x000000c410d00000)]
  0x000002b766f5c000 JavaThread "Driver Service Executor" daemon [_thread_blocked, id=17320, stack(0x000000c410d00000,0x000000c410e00000)]
  0x000002b766f5a800 JavaThread "Driver Service Executor" daemon [_thread_blocked, id=8564, stack(0x000000c410e00000,0x000000c410f00000)]
  0x000002b766f5d000 JavaThread "Exec Stream Pumper" daemon [_thread_in_native, id=22164, stack(0x000000c410f00000,0x000000c411000000)]
  0x000002b766f57000 JavaThread "Exec Stream Pumper" daemon [_thread_in_native, id=20588, stack(0x000000c411000000,0x000000c411100000)]
  0x000002b766f5e800 JavaThread "Exec Default Executor" daemon [_thread_in_native, id=12956, stack(0x000000c411100000,0x000000c411200000)]
  0x000002b766f59000 JavaThread "Driver Service Executor" daemon [_thread_blocked, id=19788, stack(0x000000c411200000,0x000000c411300000)]
  0x000002b766f5e000 JavaThread "Driver Service Executor" daemon [_thread_blocked, id=4328, stack(0x000000c411300000,0x000000c411400000)]
  0x000002b766f5f800 JavaThread "Exec Stream Pumper" daemon [_thread_in_native, id=9900, stack(0x000000c411400000,0x000000c411500000)]
  0x000002b766f59800 JavaThread "Exec Stream Pumper" daemon [_thread_in_native, id=22388, stack(0x000000c411500000,0x000000c411600000)]
  0x000002b766f60000 JavaThread "Exec Default Executor" daemon [_thread_in_native, id=19404, stack(0x000000c411700000,0x000000c411800000)]
  0x000002b766f61000 JavaThread "Driver Service Executor" daemon [_thread_blocked, id=23620, stack(0x000000c411800000,0x000000c411900000)]
  0x000002b766f62800 JavaThread "Driver Service Executor" daemon [_thread_blocked, id=8588, stack(0x000000c411900000,0x000000c411a00000)]
  0x000002b766f62000 JavaThread "Exec Stream Pumper" daemon [_thread_in_native, id=23824, stack(0x000000c411a00000,0x000000c411b00000)]
  0x000002b766f63800 JavaThread "Exec Stream Pumper" daemon [_thread_in_native, id=14972, stack(0x000000c411b00000,0x000000c411c00000)]
  0x000002b766f64800 JavaThread "Exec Default Executor" daemon [_thread_in_native, id=19944, stack(0x000000c411600000,0x000000c411700000)]
  0x000002b765e96800 JavaThread "Driver Service Executor" daemon [_thread_blocked, id=24544, stack(0x000000c411c00000,0x000000c411d00000)]
  0x000002b765e92000 JavaThread "Driver Service Executor" daemon [_thread_blocked, id=22256, stack(0x000000c411d00000,0x000000c411e00000)]
  0x000002b765e95800 JavaThread "Exec Stream Pumper" daemon [_thread_in_native, id=15744, stack(0x000000c411e00000,0x000000c411f00000)]
  0x000002b765e91800 JavaThread "Exec Stream Pumper" daemon [_thread_in_native, id=18828, stack(0x000000c411f00000,0x000000c412000000)]
  0x000002b765e98800 JavaThread "Exec Default Executor" daemon [_thread_in_native, id=25276, stack(0x000000c412000000,0x000000c412100000)]
  0x000002b765e94800 JavaThread "Driver Service Executor" daemon [_thread_blocked, id=18104, stack(0x000000c412100000,0x000000c412200000)]
  0x000002b765e93000 JavaThread "Driver Service Executor" daemon [_thread_blocked, id=23376, stack(0x000000c412200000,0x000000c412300000)]
  0x000002b765e97000 JavaThread "Exec Stream Pumper" daemon [_thread_in_native, id=8236, stack(0x000000c412300000,0x000000c412400000)]
  0x000002b765e98000 JavaThread "Exec Stream Pumper" daemon [_thread_in_native, id=21252, stack(0x000000c412400000,0x000000c412500000)]
  0x000002b765e99800 JavaThread "Exec Default Executor" daemon [_thread_in_native, id=1984, stack(0x000000c412500000,0x000000c412600000)]
  0x000002b765e94000 JavaThread "Driver Service Executor" daemon [_thread_blocked, id=22972, stack(0x000000c412600000,0x000000c412700000)]
  0x000002b765e9f000 JavaThread "Driver Service Executor" daemon [_thread_blocked, id=24524, stack(0x000000c412700000,0x000000c412800000)]
  0x000002b765e9b000 JavaThread "Exec Stream Pumper" daemon [_thread_in_native, id=21716, stack(0x000000c412800000,0x000000c412900000)]
  0x000002b765e9a800 JavaThread "Exec Stream Pumper" daemon [_thread_in_native, id=20828, stack(0x000000c412900000,0x000000c412a00000)]
  0x000002b765e9d800 JavaThread "Exec Default Executor" daemon [_thread_in_native, id=17756, stack(0x000000c412a00000,0x000000c412b00000)]
  0x000002b765e9d000 JavaThread "Driver Service Executor" daemon [_thread_blocked, id=27072, stack(0x000000c412b00000,0x000000c412c00000)]
  0x000002b765e9e800 JavaThread "Driver Service Executor" daemon [_thread_blocked, id=27076, stack(0x000000c412c00000,0x000000c412d00000)]
  0x000002b765e9c000 JavaThread "Exec Stream Pumper" daemon [_thread_in_native, id=27620, stack(0x000000c412d00000,0x000000c412e00000)]
  0x000002b765ea0000 JavaThread "Exec Stream Pumper" daemon [_thread_in_native, id=13276, stack(0x000000c412e00000,0x000000c412f00000)]
  0x000002b768de0000 JavaThread "Exec Default Executor" daemon [_thread_in_native, id=28480, stack(0x000000c412f00000,0x000000c413000000)]
  0x000002b768de0800 JavaThread "Driver Service Executor" daemon [_thread_blocked, id=28484, stack(0x000000c413000000,0x000000c413100000)]
  0x000002b768dde800 JavaThread "Driver Service Executor" daemon [_thread_blocked, id=28488, stack(0x000000c413100000,0x000000c413200000)]
  0x000002b768de1800 JavaThread "Exec Stream Pumper" daemon [_thread_in_native, id=28500, stack(0x000000c413200000,0x000000c413300000)]
  0x000002b768ddf000 JavaThread "Exec Stream Pumper" daemon [_thread_in_native, id=28504, stack(0x000000c413300000,0x000000c413400000)]
  0x000002b768de3000 JavaThread "Exec Default Executor" daemon [_thread_in_native, id=26700, stack(0x000000c413400000,0x000000c413500000)]
  0x000002b768de4000 JavaThread "Driver Service Executor" daemon [_thread_blocked, id=23020, stack(0x000000c413500000,0x000000c413600000)]
  0x000002b768de6800 JavaThread "Driver Service Executor" daemon [_thread_blocked, id=25796, stack(0x000000c413600000,0x000000c413700000)]
  0x000002b768de8000 JavaThread "Exec Stream Pumper" daemon [_thread_in_native, id=27296, stack(0x000000c413700000,0x000000c413800000)]
  0x000002b768de5000 JavaThread "Exec Stream Pumper" daemon [_thread_in_native, id=27428, stack(0x000000c413800000,0x000000c413900000)]
  0x000002b768de7800 JavaThread "Exec Default Executor" daemon [_thread_in_native, id=29372, stack(0x000000c413900000,0x000000c413a00000)]
  0x000002b768de5800 JavaThread "Driver Service Executor" daemon [_thread_blocked, id=29376, stack(0x000000c413a00000,0x000000c413b00000)]
  0x000002b768de2800 JavaThread "Driver Service Executor" daemon [_thread_blocked, id=29380, stack(0x000000c413b00000,0x000000c413c00000)]
  0x000002b768dea800 JavaThread "Exec Stream Pumper" daemon [_thread_in_native, id=29392, stack(0x000000c413c00000,0x000000c413d00000)]
  0x000002b768deb800 JavaThread "Exec Stream Pumper" daemon [_thread_in_native, id=29396, stack(0x000000c413d00000,0x000000c413e00000)]
  0x000002b768dec000 JavaThread "Exec Default Executor" daemon [_thread_in_native, id=30096, stack(0x000000c40da00000,0x000000c40db00000)]
  0x000002b768de9000 JavaThread "Driver Service Executor" daemon [_thread_blocked, id=30100, stack(0x000000c413e00000,0x000000c413f00000)]
  0x000002b768ded000 JavaThread "Driver Service Executor" daemon [_thread_blocked, id=30104, stack(0x000000c413f00000,0x000000c414000000)]
  0x000002b768dcc000 JavaThread "Exec Stream Pumper" daemon [_thread_in_native, id=30320, stack(0x000000c414100000,0x000000c414200000)]
  0x000002b768dc6800 JavaThread "Exec Stream Pumper" daemon [_thread_in_native, id=30324, stack(0x000000c414200000,0x000000c414300000)]
  0x000002b768dcb000 JavaThread "Exec Default Executor" daemon [_thread_in_native, id=31344, stack(0x000000c414300000,0x000000c414400000)]
  0x000002b768dcd000 JavaThread "Driver Service Executor" daemon [_thread_blocked, id=31348, stack(0x000000c414400000,0x000000c414500000)]
  0x000002b768dc7000 JavaThread "Driver Service Executor" daemon [_thread_blocked, id=31352, stack(0x000000c414500000,0x000000c414600000)]
  0x000002b768dc8800 JavaThread "Exec Stream Pumper" daemon [_thread_in_native, id=31412, stack(0x000000c414600000,0x000000c414700000)]
  0x000002b768dca800 JavaThread "Exec Stream Pumper" daemon [_thread_in_native, id=31416, stack(0x000000c414700000,0x000000c414800000)]
  0x000002b768dc9800 JavaThread "Exec Default Executor" daemon [_thread_in_native, id=31200, stack(0x000000c414000000,0x000000c414100000)]
  0x000002b768dcd800 JavaThread "Driver Service Executor" daemon [_thread_blocked, id=31280, stack(0x000000c414800000,0x000000c414900000)]
  0x000002b768dc8000 JavaThread "Driver Service Executor" daemon [_thread_blocked, id=31400, stack(0x000000c414900000,0x000000c414a00000)]
  0x000002b768dcf800 JavaThread "Exec Stream Pumper" daemon [_thread_in_native, id=29900, stack(0x000000c414b00000,0x000000c414c00000)]
  0x000002b768dd0000 JavaThread "Exec Stream Pumper" daemon [_thread_in_native, id=29912, stack(0x000000c414c00000,0x000000c414d00000)]
  0x000002b768dce800 JavaThread "Exec Default Executor" daemon [_thread_in_native, id=29960, stack(0x000000c414d00000,0x000000c414e00000)]
  0x000002b768dd2800 JavaThread "Driver Service Executor" daemon [_thread_blocked, id=29544, stack(0x000000c414e00000,0x000000c414f00000)]
  0x000002b768dd3800 JavaThread "Driver Service Executor" daemon [_thread_blocked, id=30364, stack(0x000000c414f00000,0x000000c415000000)]
  0x000002b768dd1800 JavaThread "Exec Stream Pumper" daemon [_thread_in_native, id=31704, stack(0x000000c415000000,0x000000c415100000)]
  0x000002b768dd1000 JavaThread "Exec Stream Pumper" daemon [_thread_in_native, id=30416, stack(0x000000c415100000,0x000000c415200000)]
  0x000002b768dd4000 JavaThread "Exec Default Executor" daemon [_thread_in_native, id=31276, stack(0x000000c414a00000,0x000000c414b00000)]
  0x000002b768dd5000 JavaThread "Driver Service Executor" daemon [_thread_blocked, id=28196, stack(0x000000c415200000,0x000000c415300000)]
  0x000002b768de9800 JavaThread "Driver Service Executor" daemon [_thread_blocked, id=31072, stack(0x000000c415300000,0x000000c415400000)]
  0x000002b767953000 JavaThread "Exec Stream Pumper" daemon [_thread_in_native, id=32680, stack(0x000000c415500000,0x000000c415600000)]
  0x000002b767957800 JavaThread "Exec Stream Pumper" daemon [_thread_in_native, id=32676, stack(0x000000c415600000,0x000000c415700000)]
  0x000002b767959800 JavaThread "Exec Default Executor" daemon [_thread_in_native, id=27904, stack(0x000000c415400000,0x000000c415500000)]
  0x000002b767954000 JavaThread "Driver Service Executor" daemon [_thread_blocked, id=32524, stack(0x000000c415700000,0x000000c415800000)]
  0x000002b767956800 JavaThread "Driver Service Executor" daemon [_thread_blocked, id=31048, stack(0x000000c415800000,0x000000c415900000)]
  0x000002b767955000 JavaThread "Exec Stream Pumper" daemon [_thread_in_native, id=3024, stack(0x000000c415a00000,0x000000c415b00000)]
  0x000002b767958000 JavaThread "Exec Stream Pumper" daemon [_thread_in_native, id=32732, stack(0x000000c415b00000,0x000000c415c00000)]
  0x000002b767959000 JavaThread "Exec Default Executor" daemon [_thread_in_native, id=33880, stack(0x000000c415900000,0x000000c415a00000)]
  0x000002b76795a800 JavaThread "Driver Service Executor" daemon [_thread_blocked, id=34840, stack(0x000000c415c00000,0x000000c415d00000)]
  0x000002b767955800 JavaThread "Driver Service Executor" daemon [_thread_blocked, id=35584, stack(0x000000c415d00000,0x000000c415e00000)]
  0x000002b76795f800 JavaThread "Exec Stream Pumper" daemon [_thread_in_native, id=35560, stack(0x000000c415f00000,0x000000c416000000)]
  0x000002b767961000 JavaThread "Exec Stream Pumper" daemon [_thread_in_native, id=33468, stack(0x000000c416000000,0x000000c416100000)]
  0x000002b76795c000 JavaThread "Exec Default Executor" daemon [_thread_in_native, id=35148, stack(0x000000c416100000,0x000000c416200000)]
  0x000002b76795b800 JavaThread "Driver Service Executor" daemon [_thread_blocked, id=36808, stack(0x000000c416200000,0x000000c416300000)]
  0x000002b76795e800 JavaThread "Driver Service Executor" daemon [_thread_blocked, id=35180, stack(0x000000c416300000,0x000000c416400000)]
  0x000002b767960000 JavaThread "Exec Stream Pumper" daemon [_thread_in_native, id=33780, stack(0x000000c416400000,0x000000c416500000)]
  0x000002b767962000 JavaThread "Exec Stream Pumper" daemon [_thread_in_native, id=4244, stack(0x000000c416500000,0x000000c416600000)]
  0x000002b76795d000 JavaThread "Exec Default Executor" daemon [_thread_in_native, id=33860, stack(0x000000c416600000,0x000000c416700000)]
  0x000002b7684fb000 JavaThread "Driver Service Executor" daemon [_thread_blocked, id=32908, stack(0x000000c416700000,0x000000c416800000)]
  0x000002b7684fd800 JavaThread "Driver Service Executor" daemon [_thread_blocked, id=34068, stack(0x000000c416800000,0x000000c416900000)]
  0x000002b7684fc800 JavaThread "Exec Stream Pumper" daemon [_thread_in_native, id=33968, stack(0x000000c416900000,0x000000c416a00000)]
  0x000002b7684ff000 JavaThread "Exec Stream Pumper" daemon [_thread_in_native, id=35920, stack(0x000000c416a00000,0x000000c416b00000)]
  0x000002b7684fe000 JavaThread "Exec Default Executor" daemon [_thread_in_native, id=33008, stack(0x000000c416b00000,0x000000c416c00000)]
  0x000002b7684f9000 JavaThread "Driver Service Executor" daemon [_thread_blocked, id=33852, stack(0x000000c416c00000,0x000000c416d00000)]
  0x000002b768500000 JavaThread "Driver Service Executor" daemon [_thread_blocked, id=33600, stack(0x000000c416d00000,0x000000c416e00000)]
  0x000002b7684fb800 JavaThread "Exec Stream Pumper" daemon [_thread_in_native, id=26444, stack(0x000000c416e00000,0x000000c416f00000)]
  0x000002b7684fa000 JavaThread "Exec Stream Pumper" daemon [_thread_in_native, id=30216, stack(0x000000c416f00000,0x000000c417000000)]
  0x000002b768505800 JavaThread "Exec Default Executor" daemon [_thread_in_native, id=29676, stack(0x000000c417000000,0x000000c417100000)]
  0x000002b768500800 JavaThread "Driver Service Executor" daemon [_thread_blocked, id=14860, stack(0x000000c417100000,0x000000c417200000)]
  0x000002b768504800 JavaThread "Driver Service Executor" daemon [_thread_blocked, id=32728, stack(0x000000c417200000,0x000000c417300000)]
  0x000002b768506800 JavaThread "Exec Stream Pumper" daemon [_thread_in_native, id=34172, stack(0x000000c417300000,0x000000c417400000)]
  0x000002b768507000 JavaThread "Exec Stream Pumper" daemon [_thread_in_native, id=35896, stack(0x000000c417400000,0x000000c417500000)]
  0x000002b768501800 JavaThread "Exec Default Executor" daemon [_thread_in_native, id=31428, stack(0x000000c417500000,0x000000c417600000)]
  0x000002b768503000 JavaThread "Driver Service Executor" daemon [_thread_blocked, id=31928, stack(0x000000c417600000,0x000000c417700000)]
  0x000002b768508000 JavaThread "Driver Service Executor" daemon [_thread_blocked, id=32332, stack(0x000000c417700000,0x000000c417800000)]
  0x000002b768502000 JavaThread "Exec Stream Pumper" daemon [_thread_in_native, id=34424, stack(0x000000c417800000,0x000000c417900000)]
  0x000002b768504000 JavaThread "Exec Stream Pumper" daemon [_thread_in_native, id=34912, stack(0x000000c417900000,0x000000c417a00000)]
  0x000002b766c10000 JavaThread "Exec Default Executor" daemon [_thread_in_native, id=37380, stack(0x000000c417a00000,0x000000c417b00000)]
  0x000002b766c0c000 JavaThread "Driver Service Executor" daemon [_thread_blocked, id=37384, stack(0x000000c417b00000,0x000000c417c00000)]
  0x000002b766c0e800 JavaThread "Driver Service Executor" daemon [_thread_blocked, id=37388, stack(0x000000c417c00000,0x000000c417d00000)]
  0x000002b766c11000 JavaThread "Exec Stream Pumper" daemon [_thread_in_native, id=37404, stack(0x000000c417d00000,0x000000c417e00000)]
  0x000002b766c0f800 JavaThread "Exec Stream Pumper" daemon [_thread_in_native, id=37408, stack(0x000000c417e00000,0x000000c417f00000)]
  0x000002b766c0b000 JavaThread "Exec Default Executor" daemon [_thread_in_native, id=7912, stack(0x000000c415e00000,0x000000c415f00000)]
  0x000002b766c11800 JavaThread "Driver Service Executor" daemon [_thread_blocked, id=26296, stack(0x000000c417f00000,0x000000c418000000)]
  0x000002b766c12800 JavaThread "Driver Service Executor" daemon [_thread_blocked, id=13408, stack(0x000000c418000000,0x000000c418100000)]
  0x000002b766c13800 JavaThread "Exec Stream Pumper" daemon [_thread_in_native, id=37312, stack(0x000000c418200000,0x000000c418300000)]
  0x000002b766c0d800 JavaThread "Exec Stream Pumper" daemon [_thread_in_native, id=31204, stack(0x000000c418300000,0x000000c418400000)]
  0x000002b766c0d000 JavaThread "Exec Default Executor" daemon [_thread_in_native, id=38292, stack(0x000000c418100000,0x000000c418200000)]
  0x000002b766c18000 JavaThread "Driver Service Executor" daemon [_thread_blocked, id=38296, stack(0x000000c418400000,0x000000c418500000)]
  0x000002b766c1a000 JavaThread "Driver Service Executor" daemon [_thread_blocked, id=38300, stack(0x000000c418500000,0x000000c418600000)]
  0x000002b766c16800 JavaThread "Exec Stream Pumper" daemon [_thread_in_native, id=38320, stack(0x000000c418700000,0x000000c418800000)]
  0x000002b766c16000 JavaThread "Exec Stream Pumper" daemon [_thread_in_native, id=38324, stack(0x000000c418800000,0x000000c418900000)]
  0x000002b766c19000 JavaThread "Exec Default Executor" daemon [_thread_in_native, id=37980, stack(0x000000c418900000,0x000000c418a00000)]
  0x000002b766c14000 JavaThread "Driver Service Executor" daemon [_thread_blocked, id=37984, stack(0x000000c418a00000,0x000000c418b00000)]
  0x000002b766c1a800 JavaThread "Driver Service Executor" daemon [_thread_blocked, id=27908, stack(0x000000c418b00000,0x000000c418c00000)]
  0x000002b766c15000 JavaThread "Exec Stream Pumper" daemon [_thread_in_native, id=37732, stack(0x000000c418c00000,0x000000c418d00000)]
  0x000002b766c1b800 JavaThread "Exec Stream Pumper" daemon [_thread_in_native, id=37924, stack(0x000000c418d00000,0x000000c418e00000)]
  0x000002b766c21000 JavaThread "Exec Default Executor" daemon [_thread_in_native, id=38536, stack(0x000000c418e00000,0x000000c418f00000)]
  0x000002b766c1d000 JavaThread "Driver Service Executor" daemon [_thread_blocked, id=21704, stack(0x000000c418f00000,0x000000c419000000)]
  0x000002b766c1e000 JavaThread "Driver Service Executor" daemon [_thread_blocked, id=37524, stack(0x000000c419000000,0x000000c419100000)]
  0x000002b766c1f800 JavaThread "Exec Stream Pumper" daemon [_thread_in_native, id=8760, stack(0x000000c419100000,0x000000c419200000)]
  0x000002b766c20800 JavaThread "Exec Stream Pumper" daemon [_thread_in_native, id=14088, stack(0x000000c419200000,0x000000c419300000)]
  0x000002b766c1c800 JavaThread "Exec Default Executor" daemon [_thread_in_native, id=36892, stack(0x000000c418600000,0x000000c418700000)]
  0x000002b766c17800 JavaThread "Driver Service Executor" daemon [_thread_blocked, id=39168, stack(0x000000c419300000,0x000000c419400000)]
  0x000002b766c23000 JavaThread "Driver Service Executor" daemon [_thread_blocked, id=39596, stack(0x000000c419400000,0x000000c419500000)]
  0x000002b766c23800 JavaThread "Exec Stream Pumper" daemon [_thread_in_native, id=39008, stack(0x000000c419600000,0x000000c419700000)]
  0x000002b766c24800 JavaThread "Exec Stream Pumper" daemon [_thread_in_native, id=39064, stack(0x000000c419700000,0x000000c419800000)]
  0x000002b766c1f000 JavaThread "Exec Default Executor" daemon [_thread_in_native, id=35528, stack(0x000000c40dd00000,0x000000c40de00000)]
  0x000002b766c25800 JavaThread "Driver Service Executor" daemon [_thread_blocked, id=40312, stack(0x000000c419800000,0x000000c419900000)]
  0x000002b766c27000 JavaThread "Driver Service Executor" daemon [_thread_blocked, id=38832, stack(0x000000c419900000,0x000000c419a00000)]
  0x000002b766c29800 JavaThread "Exec Stream Pumper" daemon [_thread_in_native, id=12832, stack(0x000000c419a00000,0x000000c419b00000)]
  0x000002b766c2a000 JavaThread "Exec Stream Pumper" daemon [_thread_in_native, id=39312, stack(0x000000c419b00000,0x000000c419c00000)]
  0x000002b766c28000 JavaThread "Exec Default Executor" daemon [_thread_in_native, id=29152, stack(0x000000c419500000,0x000000c419600000)]
  0x000002b766c26000 JavaThread "Driver Service Executor" daemon [_thread_blocked, id=39264, stack(0x000000c419c00000,0x000000c419d00000)]
  0x000002b766c22000 JavaThread "Driver Service Executor" daemon [_thread_blocked, id=40008, stack(0x000000c419d00000,0x000000c419e00000)]
  0x000002b76795e000 JavaThread "Exec Stream Pumper" daemon [_thread_in_native, id=18060, stack(0x000000c419f00000,0x000000c41a000000)]
  0x000002b7687c7000 JavaThread "Exec Stream Pumper" daemon [_thread_in_native, id=28180, stack(0x000000c41a000000,0x000000c41a100000)]
  0x000002b7687c4800 JavaThread "Exec Default Executor" daemon [_thread_in_native, id=32552, stack(0x000000c419e00000,0x000000c419f00000)]
  0x000002b7687c3000 JavaThread "Driver Service Executor" daemon [_thread_blocked, id=40876, stack(0x000000c41a100000,0x000000c41a200000)]
  0x000002b7687c3800 JavaThread "Driver Service Executor" daemon [_thread_blocked, id=40868, stack(0x000000c41a200000,0x000000c41a300000)]
  0x000002b7687c6000 JavaThread "Exec Stream Pumper" daemon [_thread_in_native, id=41612, stack(0x000000c41a400000,0x000000c41a500000)]
  0x000002b7687c1800 JavaThread "Exec Stream Pumper" daemon [_thread_in_native, id=39604, stack(0x000000c41a500000,0x000000c41a600000)]
  0x000002b7687c8000 JavaThread "Exec Default Executor" daemon [_thread_in_native, id=41560, stack(0x000000c41a300000,0x000000c41a400000)]
  0x000002b7687c5800 JavaThread "Driver Service Executor" daemon [_thread_blocked, id=9224, stack(0x000000c41a600000,0x000000c41a700000)]
  0x000002b7687c2000 JavaThread "Driver Service Executor" daemon [_thread_blocked, id=41144, stack(0x000000c41a700000,0x000000c41a800000)]
  0x000002b7687cc800 JavaThread "Exec Stream Pumper" daemon [_thread_in_native, id=39092, stack(0x000000c41a900000,0x000000c41aa00000)]
  0x000002b7687ca000 JavaThread "Exec Stream Pumper" daemon [_thread_in_native, id=23940, stack(0x000000c41aa00000,0x000000c41ab00000)]
  0x000002b7687cb000 JavaThread "Exec Default Executor" daemon [_thread_in_native, id=39972, stack(0x000000c41a800000,0x000000c41a900000)]
  0x000002b7687ce800 JavaThread "Driver Service Executor" daemon [_thread_blocked, id=41096, stack(0x000000c41ab00000,0x000000c41ac00000)]
  0x000002b7687c8800 JavaThread "Driver Service Executor" daemon [_thread_blocked, id=39800, stack(0x000000c41ac00000,0x000000c41ad00000)]
  0x000002b7687cf000 JavaThread "Exec Stream Pumper" daemon [_thread_in_native, id=25828, stack(0x000000c41ad00000,0x000000c41ae00000)]
  0x000002b7687c9800 JavaThread "Exec Stream Pumper" daemon [_thread_in_native, id=40908, stack(0x000000c41ae00000,0x000000c41af00000)]
  0x000002b7687d1000 JavaThread "Exec Default Executor" daemon [_thread_in_native, id=40096, stack(0x000000c41b000000,0x000000c41b100000)]
  0x000002b7687d1800 JavaThread "Driver Service Executor" daemon [_thread_blocked, id=41272, stack(0x000000c41b100000,0x000000c41b200000)]
  0x000002b7687cc000 JavaThread "Driver Service Executor" daemon [_thread_blocked, id=39944, stack(0x000000c41b200000,0x000000c41b300000)]
  0x000002b7687cd800 JavaThread "Exec Stream Pumper" daemon [_thread_in_native, id=41480, stack(0x000000c41b300000,0x000000c41b400000)]
  0x000002b7687d7800 JavaThread "Exec Stream Pumper" daemon [_thread_in_native, id=39600, stack(0x000000c41b400000,0x000000c41b500000)]
  0x000002b7687d0000 JavaThread "Exec Default Executor" daemon [_thread_in_native, id=42260, stack(0x000000c41af00000,0x000000c41b000000)]
  0x000002b7687d6800 JavaThread "Driver Service Executor" daemon [_thread_blocked, id=42936, stack(0x000000c41b500000,0x000000c41b600000)]
  0x000002b7687d8000 JavaThread "Driver Service Executor" daemon [_thread_blocked, id=42800, stack(0x000000c41b600000,0x000000c41b700000)]
  0x000002b7687d5800 JavaThread "Exec Stream Pumper" daemon [_thread_in_native, id=42824, stack(0x000000c41b800000,0x000000c41b900000)]
  0x000002b7687d5000 JavaThread "Exec Stream Pumper" daemon [_thread_in_native, id=16296, stack(0x000000c41b900000,0x000000c41ba00000)]
  0x000002b7687d9000 JavaThread "Exec Default Executor" daemon [_thread_in_native, id=25496, stack(0x000000c41bc00000,0x000000c41bd00000)]
  0x000002b7687d3000 JavaThread "Driver Service Executor" daemon [_thread_blocked, id=21956, stack(0x000000c41bd00000,0x000000c41be00000)]
  0x000002b7687da000 JavaThread "Driver Service Executor" daemon [_thread_blocked, id=5264, stack(0x000000c41be00000,0x000000c41bf00000)]
  0x000002b7687d4000 JavaThread "Exec Stream Pumper" daemon [_thread_in_native, id=41696, stack(0x000000c41bf00000,0x000000c41c000000)]
  0x000002b7687db800 JavaThread "Exec Stream Pumper" daemon [_thread_in_native, id=42704, stack(0x000000c41c000000,0x000000c41c100000)]
  0x000002b7687d2800 JavaThread "Exec Default Executor" daemon [_thread_in_native, id=42572, stack(0x000000c41b700000,0x000000c41b800000)]
  0x000002b7687dc000 JavaThread "Driver Service Executor" daemon [_thread_blocked, id=42220, stack(0x000000c41c100000,0x000000c41c200000)]
  0x000002b7687df800 JavaThread "Driver Service Executor" daemon [_thread_blocked, id=42768, stack(0x000000c41c200000,0x000000c41c300000)]
  0x000002b7687e0800 JavaThread "Exec Stream Pumper" daemon [_thread_in_native, id=6232, stack(0x000000c41c400000,0x000000c41c500000)]
  0x000002b7687dd000 JavaThread "Exec Stream Pumper" daemon [_thread_in_native, id=35408, stack(0x000000c41c500000,0x000000c41c600000)]
  0x000002b7687da800 JavaThread "Exec Default Executor" daemon [_thread_in_native, id=43912, stack(0x000000c41c300000,0x000000c41c400000)]
  0x000002b7687de000 JavaThread "Driver Service Executor" daemon [_thread_blocked, id=43612, stack(0x000000c41c600000,0x000000c41c700000)]
  0x000002b7687de800 JavaThread "Driver Service Executor" daemon [_thread_blocked, id=43936, stack(0x000000c41c700000,0x000000c41c800000)]
  0x000002b766b62000 JavaThread "Exec Stream Pumper" daemon [_thread_in_native, id=43972, stack(0x000000c41c900000,0x000000c41ca00000)]
  0x000002b766b60800 JavaThread "Exec Stream Pumper" daemon [_thread_in_native, id=43752, stack(0x000000c41ca00000,0x000000c41cb00000)]
  0x000002b766b5d000 JavaThread "Exec Default Executor" daemon [_thread_in_native, id=42956, stack(0x000000c41cb00000,0x000000c41cc00000)]
  0x000002b766b5f000 JavaThread "Driver Service Executor" daemon [_thread_blocked, id=43748, stack(0x000000c41cc00000,0x000000c41cd00000)]
  0x000002b766b63000 JavaThread "Driver Service Executor" daemon [_thread_blocked, id=17828, stack(0x000000c41cd00000,0x000000c41ce00000)]
  0x000002b766b61800 JavaThread "Exec Stream Pumper" daemon [_thread_in_native, id=5340, stack(0x000000c41ce00000,0x000000c41cf00000)]
  0x000002b766b5f800 JavaThread "Exec Stream Pumper" daemon [_thread_in_native, id=41956, stack(0x000000c41cf00000,0x000000c41d000000)]
  0x000002b766b64000 JavaThread "Exec Default Executor" daemon [_thread_in_native, id=18812, stack(0x000000c41d000000,0x000000c41d100000)]
  0x000002b766b5e000 JavaThread "Driver Service Executor" daemon [_thread_blocked, id=43276, stack(0x000000c41d100000,0x000000c41d200000)]
  0x000002b766b66000 JavaThread "Driver Service Executor" daemon [_thread_blocked, id=28420, stack(0x000000c41d200000,0x000000c41d300000)]
  0x000002b766b67000 JavaThread "Exec Stream Pumper" daemon [_thread_in_native, id=43332, stack(0x000000c41d300000,0x000000c41d400000)]
  0x000002b766b69800 JavaThread "Exec Stream Pumper" daemon [_thread_in_native, id=31492, stack(0x000000c41d400000,0x000000c41d500000)]
  0x000002b766b6a800 JavaThread "Exec Default Executor" daemon [_thread_in_native, id=45908, stack(0x000000c41d500000,0x000000c41d600000)]
  0x000002b766b64800 JavaThread "Driver Service Executor" daemon [_thread_blocked, id=41548, stack(0x000000c41d600000,0x000000c41d700000)]
  0x000002b766b65800 JavaThread "Driver Service Executor" daemon [_thread_blocked, id=44764, stack(0x000000c41d700000,0x000000c41d800000)]
  0x000002b766b6b000 JavaThread "Exec Stream Pumper" daemon [_thread_in_native, id=19704, stack(0x000000c41d800000,0x000000c41d900000)]
  0x000002b766b6d800 JavaThread "Exec Stream Pumper" daemon [_thread_in_native, id=44768, stack(0x000000c41d900000,0x000000c41da00000)]
  0x000002b766b68000 JavaThread "Exec Default Executor" daemon [_thread_in_native, id=27752, stack(0x000000c41db00000,0x000000c41dc00000)]
  0x000002b766b6c000 JavaThread "Driver Service Executor" daemon [_thread_blocked, id=45936, stack(0x000000c41dc00000,0x000000c41dd00000)]
  0x000002b766b6c800 JavaThread "Driver Service Executor" daemon [_thread_blocked, id=45616, stack(0x000000c41dd00000,0x000000c41de00000)]
  0x000002b766b6e800 JavaThread "Exec Stream Pumper" daemon [_thread_in_native, id=45844, stack(0x000000c41de00000,0x000000c41df00000)]
  0x000002b766b68800 JavaThread "Exec Stream Pumper" daemon [_thread_in_native, id=45436, stack(0x000000c41df00000,0x000000c41e000000)]
  0x000002b766b72800 JavaThread "Exec Default Executor" daemon [_thread_in_native, id=39568, stack(0x000000c41e000000,0x000000c41e100000)]
  0x000002b766b6f000 JavaThread "Driver Service Executor" daemon [_thread_blocked, id=45464, stack(0x000000c41e100000,0x000000c41e200000)]
  0x000002b766b70000 JavaThread "Driver Service Executor" daemon [_thread_blocked, id=43836, stack(0x000000c41e200000,0x000000c41e300000)]
  0x000002b766b73800 JavaThread "Exec Stream Pumper" daemon [_thread_in_native, id=44548, stack(0x000000c41e300000,0x000000c41e400000)]
  0x000002b766b71800 JavaThread "Exec Stream Pumper" daemon [_thread_in_native, id=45124, stack(0x000000c41e400000,0x000000c41e500000)]
  0x000002b766b75000 JavaThread "Exec Default Executor" daemon [_thread_in_native, id=45724, stack(0x000000c41e500000,0x000000c41e600000)]
  0x000002b766b74000 JavaThread "Driver Service Executor" daemon [_thread_blocked, id=39116, stack(0x000000c41e600000,0x000000c41e700000)]
  0x000002b766b75800 JavaThread "Driver Service Executor" daemon [_thread_blocked, id=45484, stack(0x000000c41e700000,0x000000c41e800000)]
  0x000002b766b76800 JavaThread "Exec Stream Pumper" daemon [_thread_in_native, id=46900, stack(0x000000c41e800000,0x000000c41e900000)]
  0x000002b766b71000 JavaThread "Exec Stream Pumper" daemon [_thread_in_native, id=44076, stack(0x000000c41e900000,0x000000c41ea00000)]
  0x000002b766b78000 JavaThread "Exec Default Executor" daemon [_thread_in_native, id=46704, stack(0x000000c41ea00000,0x000000c41eb00000)]
  0x000002b766b7a800 JavaThread "Driver Service Executor" daemon [_thread_blocked, id=47052, stack(0x000000c41eb00000,0x000000c41ec00000)]
  0x000002b766b79000 JavaThread "Driver Service Executor" daemon [_thread_blocked, id=12896, stack(0x000000c41ec00000,0x000000c41ed00000)]
  0x000002b766b7b800 JavaThread "Exec Stream Pumper" daemon [_thread_in_native, id=11532, stack(0x000000c41ed00000,0x000000c41ee00000)]
  0x000002b766b7c800 JavaThread "Exec Stream Pumper" daemon [_thread_in_native, id=18932, stack(0x000000c41ee00000,0x000000c41ef00000)]
  0x000002b766b77800 JavaThread "Exec Default Executor" daemon [_thread_in_native, id=46620, stack(0x000000c41ef00000,0x000000c41f000000)]
  0x000002b766b7a000 JavaThread "Driver Service Executor" daemon [_thread_blocked, id=46168, stack(0x000000c41f000000,0x000000c41f100000)]
  0x000002b76870c800 JavaThread "Driver Service Executor" daemon [_thread_blocked, id=37080, stack(0x000000c41f100000,0x000000c41f200000)]
  0x000002b76870a000 JavaThread "Exec Stream Pumper" daemon [_thread_in_native, id=47956, stack(0x000000c41f200000,0x000000c41f300000)]
  0x000002b76870d800 JavaThread "Exec Stream Pumper" daemon [_thread_in_native, id=48008, stack(0x000000c41f300000,0x000000c41f400000)]
  0x000002b76870e000 JavaThread "Exec Default Executor" daemon [_thread_in_native, id=35956, stack(0x000000c41c800000,0x000000c41c900000)]
  0x000002b76870f000 JavaThread "Driver Service Executor" daemon [_thread_blocked, id=33620, stack(0x000000c41f400000,0x000000c41f500000)]
  0x000002b768710000 JavaThread "Driver Service Executor" daemon [_thread_blocked, id=47292, stack(0x000000c41f500000,0x000000c41f600000)]
  0x000002b768710800 JavaThread "Exec Stream Pumper" daemon [_thread_in_native, id=35068, stack(0x000000c41f700000,0x000000c41f800000)]
  0x000002b768711800 JavaThread "Exec Stream Pumper" daemon [_thread_in_native, id=15212, stack(0x000000c41f800000,0x000000c41f900000)]
  0x000002b76870b000 JavaThread "Exec Default Executor" daemon [_thread_in_native, id=8856, stack(0x000000c41fa00000,0x000000c41fb00000)]
  0x000002b76870b800 JavaThread "Driver Service Executor" daemon [_thread_blocked, id=46128, stack(0x000000c41fb00000,0x000000c41fc00000)]
  0x000002b768714800 JavaThread "Driver Service Executor" daemon [_thread_blocked, id=13936, stack(0x000000c41fc00000,0x000000c41fd00000)]
  0x000002b768718000 JavaThread "UrlChecker-19" daemon [_thread_blocked, id=48352, stack(0x000000c41fd00000,0x000000c41fe00000)]
  0x000002b768714000 JavaThread "Exec Stream Pumper" daemon [_thread_in_native, id=43360, stack(0x000000c41fe00000,0x000000c41ff00000)]
  0x000002b768712000 JavaThread "Exec Stream Pumper" daemon [_thread_in_native, id=47480, stack(0x000000c41ff00000,0x000000c420000000)]
  0x000002b768718800 JavaThread "Driver Service Executor" daemon [_thread_blocked, id=48652, stack(0x000000c41f900000,0x000000c41fa00000)]
  0x000002b768713000 JavaThread "Driver Service Executor" daemon [_thread_blocked, id=31124, stack(0x000000c420000000,0x000000c420100000)]
  0x000002b76871a800 JavaThread "Driver Service Executor" daemon [_thread_blocked, id=35760, stack(0x000000c420100000,0x000000c420200000)]
  0x000002b768717000 JavaThread "Driver Service Executor" daemon [_thread_blocked, id=48620, stack(0x000000c420200000,0x000000c420300000)]
  0x000002b76871b000 JavaThread "UrlChecker-20" daemon [_thread_blocked, id=35168, stack(0x000000c420300000,0x000000c420400000)]
  0x000002b768719800 JavaThread "Exec Default Executor" daemon [_thread_in_native, id=49060, stack(0x000000c41f600000,0x000000c41f700000)]
  0x000002b768715800 JavaThread "Driver Service Executor" daemon [_thread_blocked, id=44272, stack(0x000000c420400000,0x000000c420500000)]
  0x000002b76871c000 JavaThread "Driver Service Executor" daemon [_thread_blocked, id=47876, stack(0x000000c420500000,0x000000c420600000)]
  0x000002b768716800 JavaThread "UrlChecker-21" daemon [_thread_blocked, id=48964, stack(0x000000c420600000,0x000000c420700000)]
  0x000002b76871d000 JavaThread "Exec Stream Pumper" daemon [_thread_in_native, id=47032, stack(0x000000c420700000,0x000000c420800000)]
  0x000002b76871f800 JavaThread "Exec Stream Pumper" daemon [_thread_in_native, id=48972, stack(0x000000c420800000,0x000000c420900000)]

Other Threads:
  0x000002b76506f000 VMThread "VM Thread" [stack: 0x000000c40c300000,0x000000c40c400000] [id=25308]
  0x000002b765b04800 WatcherThread [stack: 0x000000c40cc00000,0x000000c40cd00000] [id=22068]
  0x000002b7492db000 GCTaskThread "GC Thread#0" [stack: 0x000000c40be00000,0x000000c40bf00000] [id=20648]
  0x000002b76639c000 GCTaskThread "GC Thread#1" [stack: 0x000000c40ce00000,0x000000c40cf00000] [id=15976]
  0x000002b766ac6000 GCTaskThread "GC Thread#2" [stack: 0x000000c40d300000,0x000000c40d400000] [id=16536]
  0x000002b766ac7000 GCTaskThread "GC Thread#3" [stack: 0x000000c40d400000,0x000000c40d500000] [id=21768]
  0x000002b7492ea000 ConcurrentGCThread "G1 Main Marker" [stack: 0x000000c40bf00000,0x000000c40c000000] [id=18348]
  0x000002b7492eb800 ConcurrentGCThread "G1 Conc#0" [stack: 0x000000c40c000000,0x000000c40c100000] [id=8532]
  0x000002b749375800 ConcurrentGCThread "G1 Refine#0" [stack: 0x000000c40c100000,0x000000c40c200000] [id=17412]
  0x000002b749376800 ConcurrentGCThread "G1 Young RemSet Sampling" [stack: 0x000000c40c200000,0x000000c40c300000] [id=25880]

Threads with active compile tasks:
C2 CompilerThread0  3109364 8429   !   4       java.io.ObjectOutputStream::writeObject0 (619 bytes)

VM state:not at safepoint (normal execution)

VM Mutex/Monitor currently owned by a thread: None

Heap address: 0x00000000e0000000, size: 512 MB, Compressed Oops mode: 32-bit
Narrow klass base: 0x0000000000000000, Narrow klass shift: 3
Compressed class space size: 1073741824 Address: 0x0000000100000000

Heap:
 garbage-first heap   total 126976K, used 90288K [0x00000000e0000000, 0x0000000100000000)
  region size 1024K, 29 young (29696K), 4 survivors (4096K)
 Metaspace       used 44039K, capacity 45293K, committed 45440K, reserved 1089536K
  class space    used 4962K, capacity 5430K, committed 5504K, reserved 1048576K
Heap Regions: E=young(eden), S=young(survivor), O=old, HS=humongous(starts), HC=humongous(continues), CS=collection set, F=free, A=archive, TAMS=top-at-mark-start (previous, next)
|   0|0x00000000e0000000, 0x00000000e0100000, 0x00000000e0100000|100%| O|  |TAMS 0x00000000e0100000, 0x00000000e0000000| Untracked 
|   1|0x00000000e0100000, 0x00000000e0200000, 0x00000000e0200000|100%| O|  |TAMS 0x00000000e0200000, 0x00000000e0100000| Untracked 
|   2|0x00000000e0200000, 0x00000000e0300000, 0x00000000e0300000|100%| O|  |TAMS 0x00000000e0300000, 0x00000000e0200000| Untracked 
|   3|0x00000000e0300000, 0x00000000e0400000, 0x00000000e0400000|100%| O|  |TAMS 0x00000000e0400000, 0x00000000e0300000| Untracked 
|   4|0x00000000e0400000, 0x00000000e0500000, 0x00000000e0500000|100%| O|  |TAMS 0x00000000e0500000, 0x00000000e0400000| Untracked 
|   5|0x00000000e0500000, 0x00000000e0600000, 0x00000000e0600000|100%| O|  |TAMS 0x00000000e0600000, 0x00000000e0500000| Untracked 
|   6|0x00000000e0600000, 0x00000000e0700000, 0x00000000e0700000|100%| O|  |TAMS 0x00000000e0700000, 0x00000000e0600000| Untracked 
|   7|0x00000000e0700000, 0x00000000e0800000, 0x00000000e0800000|100%| O|  |TAMS 0x00000000e0800000, 0x00000000e0700000| Untracked 
|   8|0x00000000e0800000, 0x00000000e0900000, 0x00000000e0900000|100%| O|  |TAMS 0x00000000e0900000, 0x00000000e0800000| Untracked 
|   9|0x00000000e0900000, 0x00000000e0a00000, 0x00000000e0a00000|100%| O|  |TAMS 0x00000000e0a00000, 0x00000000e0900000| Untracked 
|  10|0x00000000e0a00000, 0x00000000e0b00000, 0x00000000e0b00000|100%|HS|  |TAMS 0x00000000e0b00000, 0x00000000e0a00000| Complete 
|  11|0x00000000e0b00000, 0x00000000e0c00000, 0x00000000e0c00000|100%|HC|  |TAMS 0x00000000e0c00000, 0x00000000e0b00000| Complete 
|  12|0x00000000e0c00000, 0x00000000e0d00000, 0x00000000e0d00000|100%|HC|  |TAMS 0x00000000e0d00000, 0x00000000e0c00000| Complete 
|  13|0x00000000e0d00000, 0x00000000e0e00000, 0x00000000e0e00000|100%|HC|  |TAMS 0x00000000e0e00000, 0x00000000e0d00000| Complete 
|  14|0x00000000e0e00000, 0x00000000e0f00000, 0x00000000e0f00000|100%|HC|  |TAMS 0x00000000e0f00000, 0x00000000e0e00000| Complete 
|  15|0x00000000e0f00000, 0x00000000e1000000, 0x00000000e1000000|100%|HS|  |TAMS 0x00000000e1000000, 0x00000000e0f00000| Complete 
|  16|0x00000000e1000000, 0x00000000e1100000, 0x00000000e1100000|100%|HC|  |TAMS 0x00000000e1100000, 0x00000000e1000000| Complete 
|  17|0x00000000e1100000, 0x00000000e1200000, 0x00000000e1200000|100%|HC|  |TAMS 0x00000000e1200000, 0x00000000e1100000| Complete 
|  18|0x00000000e1200000, 0x00000000e1300000, 0x00000000e1300000|100%|HC|  |TAMS 0x00000000e1300000, 0x00000000e1200000| Complete 
|  19|0x00000000e1300000, 0x00000000e1400000, 0x00000000e1400000|100%|HC|  |TAMS 0x00000000e1400000, 0x00000000e1300000| Complete 
|  20|0x00000000e1400000, 0x00000000e1500000, 0x00000000e1500000|100%| O|  |TAMS 0x00000000e1500000, 0x00000000e1400000| Untracked 
|  21|0x00000000e1500000, 0x00000000e1600000, 0x00000000e1600000|100%| O|  |TAMS 0x00000000e1600000, 0x00000000e1500000| Untracked 
|  22|0x00000000e1600000, 0x00000000e1700000, 0x00000000e1700000|100%| O|  |TAMS 0x00000000e1700000, 0x00000000e1600000| Untracked 
|  23|0x00000000e1700000, 0x00000000e1800000, 0x00000000e1800000|100%| O|  |TAMS 0x00000000e1800000, 0x00000000e1700000| Untracked 
|  24|0x00000000e1800000, 0x00000000e1900000, 0x00000000e1900000|100%|HS|  |TAMS 0x00000000e1900000, 0x00000000e1800000| Complete 
|  25|0x00000000e1900000, 0x00000000e1a00000, 0x00000000e1a00000|100%|HC|  |TAMS 0x00000000e1a00000, 0x00000000e1900000| Complete 
|  26|0x00000000e1a00000, 0x00000000e1b00000, 0x00000000e1b00000|100%|HC|  |TAMS 0x00000000e1b00000, 0x00000000e1a00000| Complete 
|  27|0x00000000e1b00000, 0x00000000e1c00000, 0x00000000e1c00000|100%|HC|  |TAMS 0x00000000e1c00000, 0x00000000e1b00000| Complete 
|  28|0x00000000e1c00000, 0x00000000e1d00000, 0x00000000e1d00000|100%|HC|  |TAMS 0x00000000e1d00000, 0x00000000e1c00000| Complete 
|  29|0x00000000e1d00000, 0x00000000e1e00000, 0x00000000e1e00000|100%|HS|  |TAMS 0x00000000e1e00000, 0x00000000e1d00000| Complete 
|  30|0x00000000e1e00000, 0x00000000e1f00000, 0x00000000e1f00000|100%|HC|  |TAMS 0x00000000e1f00000, 0x00000000e1e00000| Complete 
|  31|0x00000000e1f00000, 0x00000000e2000000, 0x00000000e2000000|100%|HC|  |TAMS 0x00000000e2000000, 0x00000000e1f00000| Complete 
|  32|0x00000000e2000000, 0x00000000e2100000, 0x00000000e2100000|100%|HC|  |TAMS 0x00000000e2100000, 0x00000000e2000000| Complete 
|  33|0x00000000e2100000, 0x00000000e2200000, 0x00000000e2200000|100%|HC|  |TAMS 0x00000000e2200000, 0x00000000e2100000| Complete 
|  34|0x00000000e2200000, 0x00000000e2300000, 0x00000000e2300000|100%|HS|  |TAMS 0x00000000e2300000, 0x00000000e2200000| Complete 
|  35|0x00000000e2300000, 0x00000000e2400000, 0x00000000e2400000|100%|HC|  |TAMS 0x00000000e2400000, 0x00000000e2300000| Complete 
|  36|0x00000000e2400000, 0x00000000e2500000, 0x00000000e2500000|100%|HC|  |TAMS 0x00000000e2500000, 0x00000000e2400000| Complete 
|  37|0x00000000e2500000, 0x00000000e2600000, 0x00000000e2600000|100%|HC|  |TAMS 0x00000000e2600000, 0x00000000e2500000| Complete 
|  38|0x00000000e2600000, 0x00000000e2700000, 0x00000000e2700000|100%|HC|  |TAMS 0x00000000e2700000, 0x00000000e2600000| Complete 
|  39|0x00000000e2700000, 0x00000000e2800000, 0x00000000e2800000|100%|HS|  |TAMS 0x00000000e2800000, 0x00000000e2700000| Complete 
|  40|0x00000000e2800000, 0x00000000e2900000, 0x00000000e2900000|100%|HC|  |TAMS 0x00000000e2900000, 0x00000000e2800000| Complete 
|  41|0x00000000e2900000, 0x00000000e2a00000, 0x00000000e2a00000|100%|HC|  |TAMS 0x00000000e2a00000, 0x00000000e2900000| Complete 
|  42|0x00000000e2a00000, 0x00000000e2b00000, 0x00000000e2b00000|100%|HC|  |TAMS 0x00000000e2b00000, 0x00000000e2a00000| Complete 
|  43|0x00000000e2b00000, 0x00000000e2c00000, 0x00000000e2c00000|100%|HC|  |TAMS 0x00000000e2c00000, 0x00000000e2b00000| Complete 
|  44|0x00000000e2c00000, 0x00000000e2d00000, 0x00000000e2d00000|100%| O|  |TAMS 0x00000000e2d00000, 0x00000000e2c00000| Untracked 
|  45|0x00000000e2d00000, 0x00000000e2e00000, 0x00000000e2e00000|100%|HS|  |TAMS 0x00000000e2e00000, 0x00000000e2d00000| Complete 
|  46|0x00000000e2e00000, 0x00000000e2f00000, 0x00000000e2f00000|100%|HC|  |TAMS 0x00000000e2f00000, 0x00000000e2e00000| Complete 
|  47|0x00000000e2f00000, 0x00000000e3000000, 0x00000000e3000000|100%|HC|  |TAMS 0x00000000e3000000, 0x00000000e2f00000| Complete 
|  48|0x00000000e3000000, 0x00000000e3100000, 0x00000000e3100000|100%|HC|  |TAMS 0x00000000e3100000, 0x00000000e3000000| Complete 
|  49|0x00000000e3100000, 0x00000000e3200000, 0x00000000e3200000|100%|HC|  |TAMS 0x00000000e3200000, 0x00000000e3100000| Complete 
|  50|0x00000000e3200000, 0x00000000e3300000, 0x00000000e3300000|100%|HS|  |TAMS 0x00000000e3300000, 0x00000000e3200000| Complete 
|  51|0x00000000e3300000, 0x00000000e3400000, 0x00000000e3400000|100%|HC|  |TAMS 0x00000000e3400000, 0x00000000e3300000| Complete 
|  52|0x00000000e3400000, 0x00000000e3500000, 0x00000000e3500000|100%|HC|  |TAMS 0x00000000e3500000, 0x00000000e3400000| Complete 
|  53|0x00000000e3500000, 0x00000000e3600000, 0x00000000e3600000|100%|HC|  |TAMS 0x00000000e3600000, 0x00000000e3500000| Complete 
|  54|0x00000000e3600000, 0x00000000e3700000, 0x00000000e3700000|100%|HC|  |TAMS 0x00000000e3700000, 0x00000000e3600000| Complete 
|  55|0x00000000e3700000, 0x00000000e3800000, 0x00000000e3800000|100%| O|  |TAMS 0x00000000e3800000, 0x00000000e3700000| Untracked 
|  56|0x00000000e3800000, 0x00000000e3900000, 0x00000000e3900000|100%| O|  |TAMS 0x00000000e3900000, 0x00000000e3800000| Untracked 
|  57|0x00000000e3900000, 0x00000000e3a00000, 0x00000000e3a00000|100%| O|  |TAMS 0x00000000e3a00000, 0x00000000e3900000| Untracked 
|  58|0x00000000e3a00000, 0x00000000e3b00000, 0x00000000e3b00000|100%| O|  |TAMS 0x00000000e3b00000, 0x00000000e3a00000| Untracked 
|  59|0x00000000e3b00000, 0x00000000e3c00000, 0x00000000e3c00000|100%| O|  |TAMS 0x00000000e3c00000, 0x00000000e3b00000| Untracked 
|  60|0x00000000e3c00000, 0x00000000e3ca8200, 0x00000000e3d00000| 65%| O|  |TAMS 0x00000000e3ca8200, 0x00000000e3c00000| Untracked 
|  61|0x00000000e3d00000, 0x00000000e3d00000, 0x00000000e3e00000|  0%| F|  |TAMS 0x00000000e3d00000, 0x00000000e3d00000| Untracked 
|  62|0x00000000e3e00000, 0x00000000e3e00000, 0x00000000e3f00000|  0%| F|  |TAMS 0x00000000e3e00000, 0x00000000e3e00000| Untracked 
|  63|0x00000000e3f00000, 0x00000000e3f00000, 0x00000000e4000000|  0%| F|  |TAMS 0x00000000e3f00000, 0x00000000e3f00000| Untracked 
|  64|0x00000000e4000000, 0x00000000e4000000, 0x00000000e4100000|  0%| F|  |TAMS 0x00000000e4000000, 0x00000000e4000000| Untracked 
|  65|0x00000000e4100000, 0x00000000e4100000, 0x00000000e4200000|  0%| F|  |TAMS 0x00000000e4100000, 0x00000000e4100000| Untracked 
|  66|0x00000000e4200000, 0x00000000e4200000, 0x00000000e4300000|  0%| F|  |TAMS 0x00000000e4200000, 0x00000000e4200000| Untracked 
|  67|0x00000000e4300000, 0x00000000e4300000, 0x00000000e4400000|  0%| F|  |TAMS 0x00000000e4300000, 0x00000000e4300000| Untracked 
|  68|0x00000000e4400000, 0x00000000e4400000, 0x00000000e4500000|  0%| F|  |TAMS 0x00000000e4400000, 0x00000000e4400000| Untracked 
|  69|0x00000000e4500000, 0x00000000e4500000, 0x00000000e4600000|  0%| F|  |TAMS 0x00000000e4500000, 0x00000000e4500000| Untracked 
|  70|0x00000000e4600000, 0x00000000e4600000, 0x00000000e4700000|  0%| F|  |TAMS 0x00000000e4600000, 0x00000000e4600000| Untracked 
|  71|0x00000000e4700000, 0x00000000e4700000, 0x00000000e4800000|  0%| F|  |TAMS 0x00000000e4700000, 0x00000000e4700000| Untracked 
|  72|0x00000000e4800000, 0x00000000e4800000, 0x00000000e4900000|  0%| F|  |TAMS 0x00000000e4800000, 0x00000000e4800000| Untracked 
|  73|0x00000000e4900000, 0x00000000e4983e00, 0x00000000e4a00000| 51%| S|CS|TAMS 0x00000000e4900000, 0x00000000e4900000| Complete 
|  74|0x00000000e4a00000, 0x00000000e4b00000, 0x00000000e4b00000|100%| S|CS|TAMS 0x00000000e4a00000, 0x00000000e4a00000| Complete 
|  75|0x00000000e4b00000, 0x00000000e4b00000, 0x00000000e4c00000|  0%| F|  |TAMS 0x00000000e4b00000, 0x00000000e4b00000| Untracked 
|  76|0x00000000e4c00000, 0x00000000e4c00000, 0x00000000e4d00000|  0%| F|  |TAMS 0x00000000e4c00000, 0x00000000e4c00000| Untracked 
|  77|0x00000000e4d00000, 0x00000000e4d00000, 0x00000000e4e00000|  0%| F|  |TAMS 0x00000000e4d00000, 0x00000000e4d00000| Untracked 
|  78|0x00000000e4e00000, 0x00000000e4f00000, 0x00000000e4f00000|100%| S|CS|TAMS 0x00000000e4e00000, 0x00000000e4e00000| Complete 
|  79|0x00000000e4f00000, 0x00000000e5000000, 0x00000000e5000000|100%| S|CS|TAMS 0x00000000e4f00000, 0x00000000e4f00000| Complete 
|  80|0x00000000e5000000, 0x00000000e5000000, 0x00000000e5100000|  0%| F|  |TAMS 0x00000000e5000000, 0x00000000e5000000| Untracked 
|  81|0x00000000e5100000, 0x00000000e5100000, 0x00000000e5200000|  0%| F|  |TAMS 0x00000000e5100000, 0x00000000e5100000| Untracked 
|  82|0x00000000e5200000, 0x00000000e5200000, 0x00000000e5300000|  0%| F|  |TAMS 0x00000000e5200000, 0x00000000e5200000| Untracked 
|  83|0x00000000e5300000, 0x00000000e5300000, 0x00000000e5400000|  0%| F|  |TAMS 0x00000000e5300000, 0x00000000e5300000| Untracked 
|  84|0x00000000e5400000, 0x00000000e5400000, 0x00000000e5500000|  0%| F|  |TAMS 0x00000000e5400000, 0x00000000e5400000| Untracked 
|  85|0x00000000e5500000, 0x00000000e5500000, 0x00000000e5600000|  0%| F|  |TAMS 0x00000000e5500000, 0x00000000e5500000| Untracked 
|  86|0x00000000e5600000, 0x00000000e5600000, 0x00000000e5700000|  0%| F|  |TAMS 0x00000000e5600000, 0x00000000e5600000| Untracked 
|  87|0x00000000e5700000, 0x00000000e5700000, 0x00000000e5800000|  0%| F|  |TAMS 0x00000000e5700000, 0x00000000e5700000| Untracked 
|  88|0x00000000e5800000, 0x00000000e5800000, 0x00000000e5900000|  0%| F|  |TAMS 0x00000000e5800000, 0x00000000e5800000| Untracked 
|  89|0x00000000e5900000, 0x00000000e5900000, 0x00000000e5a00000|  0%| F|  |TAMS 0x00000000e5900000, 0x00000000e5900000| Untracked 
|  90|0x00000000e5a00000, 0x00000000e5a00000, 0x00000000e5b00000|  0%| F|  |TAMS 0x00000000e5a00000, 0x00000000e5a00000| Untracked 
|  91|0x00000000e5b00000, 0x00000000e5b00000, 0x00000000e5c00000|  0%| F|  |TAMS 0x00000000e5b00000, 0x00000000e5b00000| Untracked 
|  92|0x00000000e5c00000, 0x00000000e5c00000, 0x00000000e5d00000|  0%| F|  |TAMS 0x00000000e5c00000, 0x00000000e5c00000| Untracked 
|  93|0x00000000e5d00000, 0x00000000e5d00000, 0x00000000e5e00000|  0%| F|  |TAMS 0x00000000e5d00000, 0x00000000e5d00000| Untracked 
|  94|0x00000000e5e00000, 0x00000000e5e00000, 0x00000000e5f00000|  0%| F|  |TAMS 0x00000000e5e00000, 0x00000000e5e00000| Untracked 
|  95|0x00000000e5f00000, 0x00000000e5f00000, 0x00000000e6000000|  0%| F|  |TAMS 0x00000000e5f00000, 0x00000000e5f00000| Untracked 
|  96|0x00000000e6000000, 0x00000000e6000000, 0x00000000e6100000|  0%| F|  |TAMS 0x00000000e6000000, 0x00000000e6000000| Untracked 
|  97|0x00000000e6100000, 0x00000000e6100000, 0x00000000e6200000|  0%| F|  |TAMS 0x00000000e6100000, 0x00000000e6100000| Untracked 
|  98|0x00000000e6200000, 0x00000000e6200000, 0x00000000e6300000|  0%| F|  |TAMS 0x00000000e6200000, 0x00000000e6200000| Untracked 
|  99|0x00000000e6300000, 0x00000000e63bd650, 0x00000000e6400000| 73%| E|  |TAMS 0x00000000e6300000, 0x00000000e6300000| Complete 
| 100|0x00000000e6400000, 0x00000000e6500000, 0x00000000e6500000|100%| E|CS|TAMS 0x00000000e6400000, 0x00000000e6400000| Complete 
| 101|0x00000000e6500000, 0x00000000e6600000, 0x00000000e6600000|100%| E|CS|TAMS 0x00000000e6500000, 0x00000000e6500000| Complete 
| 102|0x00000000e6600000, 0x00000000e6700000, 0x00000000e6700000|100%| E|CS|TAMS 0x00000000e6600000, 0x00000000e6600000| Complete 
| 103|0x00000000e6700000, 0x00000000e6800000, 0x00000000e6800000|100%| E|CS|TAMS 0x00000000e6700000, 0x00000000e6700000| Complete 
| 104|0x00000000e6800000, 0x00000000e6900000, 0x00000000e6900000|100%| E|CS|TAMS 0x00000000e6800000, 0x00000000e6800000| Complete 
| 105|0x00000000e6900000, 0x00000000e6a00000, 0x00000000e6a00000|100%| E|CS|TAMS 0x00000000e6900000, 0x00000000e6900000| Complete 
| 106|0x00000000e6a00000, 0x00000000e6b00000, 0x00000000e6b00000|100%| E|CS|TAMS 0x00000000e6a00000, 0x00000000e6a00000| Complete 
| 107|0x00000000e6b00000, 0x00000000e6c00000, 0x00000000e6c00000|100%| E|CS|TAMS 0x00000000e6b00000, 0x00000000e6b00000| Complete 
| 108|0x00000000e6c00000, 0x00000000e6d00000, 0x00000000e6d00000|100%| E|CS|TAMS 0x00000000e6c00000, 0x00000000e6c00000| Complete 
| 109|0x00000000e6d00000, 0x00000000e6e00000, 0x00000000e6e00000|100%| E|CS|TAMS 0x00000000e6d00000, 0x00000000e6d00000| Complete 
| 110|0x00000000e6e00000, 0x00000000e6f00000, 0x00000000e6f00000|100%| E|CS|TAMS 0x00000000e6e00000, 0x00000000e6e00000| Complete 
| 111|0x00000000e6f00000, 0x00000000e7000000, 0x00000000e7000000|100%| E|CS|TAMS 0x00000000e6f00000, 0x00000000e6f00000| Complete 
| 112|0x00000000e7000000, 0x00000000e7100000, 0x00000000e7100000|100%| E|CS|TAMS 0x00000000e7000000, 0x00000000e7000000| Complete 
| 113|0x00000000e7100000, 0x00000000e7200000, 0x00000000e7200000|100%| E|CS|TAMS 0x00000000e7100000, 0x00000000e7100000| Complete 
| 114|0x00000000e7200000, 0x00000000e7300000, 0x00000000e7300000|100%| E|CS|TAMS 0x00000000e7200000, 0x00000000e7200000| Complete 
| 115|0x00000000e7300000, 0x00000000e7400000, 0x00000000e7400000|100%| E|CS|TAMS 0x00000000e7300000, 0x00000000e7300000| Complete 
| 116|0x00000000e7400000, 0x00000000e7500000, 0x00000000e7500000|100%| E|CS|TAMS 0x00000000e7400000, 0x00000000e7400000| Complete 
| 117|0x00000000e7500000, 0x00000000e7600000, 0x00000000e7600000|100%| E|CS|TAMS 0x00000000e7500000, 0x00000000e7500000| Complete 
| 118|0x00000000e7600000, 0x00000000e7700000, 0x00000000e7700000|100%| E|CS|TAMS 0x00000000e7600000, 0x00000000e7600000| Complete 
| 119|0x00000000e7700000, 0x00000000e7800000, 0x00000000e7800000|100%| E|CS|TAMS 0x00000000e7700000, 0x00000000e7700000| Complete 
| 120|0x00000000e7800000, 0x00000000e7900000, 0x00000000e7900000|100%| E|CS|TAMS 0x00000000e7800000, 0x00000000e7800000| Complete 
| 121|0x00000000e7900000, 0x00000000e7a00000, 0x00000000e7a00000|100%| E|CS|TAMS 0x00000000e7900000, 0x00000000e7900000| Complete 
| 122|0x00000000e7a00000, 0x00000000e7b00000, 0x00000000e7b00000|100%| E|CS|TAMS 0x00000000e7a00000, 0x00000000e7a00000| Complete 
| 123|0x00000000e7b00000, 0x00000000e7c00000, 0x00000000e7c00000|100%| E|CS|TAMS 0x00000000e7b00000, 0x00000000e7b00000| Complete 

Card table byte_map: [0x000002b7618c0000,0x000002b7619c0000] _byte_map_base: 0x000002b7611c0000

Marking Bits (Prev, Next): (CMBitMap*) 0x000002b7492e75c8, (CMBitMap*) 0x000002b7492e7600
 Prev Bits: [0x000002b761ac0000, 0x000002b7622c0000)
 Next Bits: [0x000002b7622c0000, 0x000002b762ac0000)

Polling page: 0x000002b7493a0000

Metaspace:

Usage:
  Non-class:     38.93 MB capacity,    38.16 MB ( 98%) used,   636.52 KB (  2%) free+waste,   149.19 KB ( <1%) overhead. 
      Class:      5.30 MB capacity,     4.85 MB ( 91%) used,   399.27 KB (  7%) free+waste,    68.38 KB (  1%) overhead. 
       Both:     44.23 MB capacity,    43.01 MB ( 97%) used,     1.01 MB (  2%) free+waste,   217.56 KB ( <1%) overhead. 

Virtual space:
  Non-class space:       40.00 MB reserved,      39.00 MB ( 98%) committed 
      Class space:        1.00 GB reserved,       5.38 MB ( <1%) committed 
             Both:        1.04 GB reserved,      44.38 MB (  4%) committed 

Chunk freelists:
   Non-Class:  1.13 KB
       Class:  1.25 KB
        Both:  2.38 KB

CodeHeap 'non-profiled nmethods': size=120064Kb used=5133Kb max_used=5133Kb free=114930Kb
 bounds [0x000002b759c50000, 0x000002b75a160000, 0x000002b761190000]
CodeHeap 'profiled nmethods': size=120000Kb used=18448Kb max_used=18448Kb free=101551Kb
 bounds [0x000002b752720000, 0x000002b753930000, 0x000002b759c50000]
CodeHeap 'non-nmethods': size=5696Kb used=1202Kb max_used=1240Kb free=4494Kb
 bounds [0x000002b752190000, 0x000002b752400000, 0x000002b752720000]
 total_blobs=8969 nmethods=8406 adapters=474
 compilation: enabled
              stopped_count=0, restarted_count=0
 full_count=0

Compilation events (10 events):
Event: 3108.990 Thread 0x000002b765a1e800 8430       3       sun.util.calendar.Gregorian::newCalendarDate (9 bytes)
Event: 3108.990 Thread 0x000002b765a1e800 nmethod 8430 0x000002b753922510 code [0x000002b7539226c0, 0x000002b7539228c8]
Event: 3108.990 Thread 0x000002b765a1e800 8431       3       sun.util.calendar.CalendarDate::<init> (16 bytes)
Event: 3108.990 Thread 0x000002b765a1e800 nmethod 8431 0x000002b753922a10 code [0x000002b753922ba0, 0x000002b753922d58]
Event: 3108.990 Thread 0x000002b765a1e800 8432   !   3       java.text.DecimalFormatSymbols::clone (18 bytes)
Event: 3108.991 Thread 0x000002b765a1e800 nmethod 8432 0x000002b753922e10 code [0x000002b753922fe0, 0x000002b7539232d8]
Event: 3108.998 Thread 0x000002b765a1e800 8433       3       java.util.Random::<init> (53 bytes)
Event: 3108.999 Thread 0x000002b765a1e800 nmethod 8433 0x000002b753923410 code [0x000002b753923600, 0x000002b753923cc8]
Event: 3109.009 Thread 0x000002b765a1e800 8434       3       org.openqa.selenium.Platform$7::family (4 bytes)
Event: 3109.009 Thread 0x000002b765a1e800 nmethod 8434 0x000002b753923f10 code [0x000002b7539240a0, 0x000002b7539241b8]

GC Heap History (10 events):
Event: 2463.069 GC heap before
{Heap before GC invocations=49 (full 0):
 garbage-first heap   total 126976K, used 109301K [0x00000000e0000000, 0x0000000100000000)
  region size 1024K, 48 young (49152K), 3 survivors (3072K)
 Metaspace       used 41199K, capacity 42403K, committed 42752K, reserved 1087488K
  class space    used 4594K, capacity 5069K, committed 5120K, reserved 1048576K
}
Event: 2463.081 GC heap after
{Heap after GC invocations=50 (full 0):
 garbage-first heap   total 126976K, used 64297K [0x00000000e0000000, 0x0000000100000000)
  region size 1024K, 3 young (3072K), 3 survivors (3072K)
 Metaspace       used 41199K, capacity 42403K, committed 42752K, reserved 1087488K
  class space    used 4594K, capacity 5069K, committed 5120K, reserved 1048576K
}
Event: 2549.951 GC heap before
{Heap before GC invocations=51 (full 0):
 garbage-first heap   total 126976K, used 110377K [0x00000000e0000000, 0x0000000100000000)
  region size 1024K, 48 young (49152K), 3 survivors (3072K)
 Metaspace       used 41229K, capacity 42404K, committed 42752K, reserved 1087488K
  class space    used 4594K, capacity 5069K, committed 5120K, reserved 1048576K
}
Event: 2549.957 GC heap after
{Heap after GC invocations=52 (full 0):
 garbage-first heap   total 126976K, used 64743K [0x00000000e0000000, 0x0000000100000000)
  region size 1024K, 4 young (4096K), 4 survivors (4096K)
 Metaspace       used 41229K, capacity 42404K, committed 42752K, reserved 1087488K
  class space    used 4594K, capacity 5069K, committed 5120K, reserved 1048576K
}
Event: 2693.665 GC heap before
{Heap before GC invocations=52 (full 0):
 garbage-first heap   total 126976K, used 107751K [0x00000000e0000000, 0x0000000100000000)
  region size 1024K, 46 young (47104K), 4 survivors (4096K)
 Metaspace       used 41301K, capacity 42507K, committed 42752K, reserved 1087488K
  class space    used 4602K, capacity 5077K, committed 5120K, reserved 1048576K
}
Event: 2693.678 GC heap after
{Heap after GC invocations=53 (full 0):
 garbage-first heap   total 126976K, used 65096K [0x00000000e0000000, 0x0000000100000000)
  region size 1024K, 4 young (4096K), 4 survivors (4096K)
 Metaspace       used 41301K, capacity 42507K, committed 42752K, reserved 1087488K
  class space    used 4602K, capacity 5077K, committed 5120K, reserved 1048576K
}
Event: 2805.686 GC heap before
{Heap before GC invocations=54 (full 0):
 garbage-first heap   total 126976K, used 108104K [0x00000000e0000000, 0x0000000100000000)
  region size 1024K, 46 young (47104K), 4 survivors (4096K)
 Metaspace       used 41362K, capacity 42578K, committed 42752K, reserved 1087488K
  class space    used 4603K, capacity 5078K, committed 5120K, reserved 1048576K
}
Event: 2805.692 GC heap after
{Heap after GC invocations=55 (full 0):
 garbage-first heap   total 126976K, used 64969K [0x00000000e0000000, 0x0000000100000000)
  region size 1024K, 3 young (3072K), 3 survivors (3072K)
 Metaspace       used 41362K, capacity 42578K, committed 42752K, reserved 1087488K
  class space    used 4603K, capacity 5078K, committed 5120K, reserved 1048576K
}
Event: 3054.996 GC heap before
{Heap before GC invocations=55 (full 0):
 garbage-first heap   total 126976K, used 110025K [0x00000000e0000000, 0x0000000100000000)
  region size 1024K, 47 young (48128K), 3 survivors (3072K)
 Metaspace       used 41833K, capacity 43026K, committed 43392K, reserved 1087488K
  class space    used 4663K, capacity 5142K, committed 5248K, reserved 1048576K
}
Event: 3055.011 GC heap after
{Heap after GC invocations=56 (full 0):
 garbage-first heap   total 126976K, used 65712K [0x00000000e0000000, 0x0000000100000000)
  region size 1024K, 4 young (4096K), 4 survivors (4096K)
 Metaspace       used 41833K, capacity 43026K, committed 43392K, reserved 1087488K
  class space    used 4663K, capacity 5142K, committed 5248K, reserved 1048576K
}

Deoptimization events (10 events):
Event: 3060.826 Thread 0x000002b7492c5000 Uncommon trap: reason=unstable_if action=reinterpret pc=0x000002b759ee798c method=java.util.regex.Pattern.escape(ZZZ)I @ 916 c2
Event: 3060.831 Thread 0x000002b7492c5000 Uncommon trap: reason=bimorphic_or_optimized_type_check action=maybe_recompile pc=0x000002b75a0262b4 method=java.nio.charset.CharsetEncoder.encode(Ljava/nio/CharBuffer;Ljava/nio/ByteBuffer;Z)Ljava/nio/charset/CoderResult; @ 57 c2
Event: 3108.547 Thread 0x000002b7665c5000 Uncommon trap: reason=bimorphic_or_optimized_type_check action=maybe_recompile pc=0x000002b759ff33e4 method=java.util.AbstractList$Itr.next()Ljava/lang/Object; @ 14 c2
Event: 3108.558 Thread 0x000002b7665c5000 Uncommon trap: reason=bimorphic_or_optimized_type_check action=maybe_recompile pc=0x000002b759ff33e4 method=java.util.AbstractList$Itr.next()Ljava/lang/Object; @ 14 c2
Event: 3108.558 Thread 0x000002b7665c5000 Uncommon trap: reason=bimorphic_or_optimized_type_check action=maybe_recompile pc=0x000002b759ff33e4 method=java.util.AbstractList$Itr.next()Ljava/lang/Object; @ 14 c2
Event: 3108.558 Thread 0x000002b7665c5000 Uncommon trap: reason=class_check action=maybe_recompile pc=0x000002b759d5fcdc method=java.lang.String.equals(Ljava/lang/Object;)Z @ 8 c2
Event: 3108.559 Thread 0x000002b7665c5000 Uncommon trap: reason=bimorphic_or_optimized_type_check action=maybe_recompile pc=0x000002b759ff33e4 method=java.util.AbstractList$Itr.next()Ljava/lang/Object; @ 14 c2
Event: 3108.560 Thread 0x000002b7665c5000 Uncommon trap: reason=class_check action=maybe_recompile pc=0x000002b759d5fcdc method=java.lang.String.equals(Ljava/lang/Object;)Z @ 8 c2
Event: 3108.560 Thread 0x000002b7665c5000 Uncommon trap: reason=class_check action=maybe_recompile pc=0x000002b759d5fcdc method=java.lang.String.equals(Ljava/lang/Object;)Z @ 8 c2
Event: 3108.560 Thread 0x000002b7665c5000 Uncommon trap: reason=class_check action=maybe_recompile pc=0x000002b759d5fcdc method=java.lang.String.equals(Ljava/lang/Object;)Z @ 8 c2

Classes redefined (0 events):
No events

Internal exceptions (10 events):
Event: 3108.566 Thread 0x000002b768718000 Exception <a 'java/net/ConnectException'{0x00000000e76cc5f8}: Connection refused: connect> (0x00000000e76cc5f8) thrown at [./open/src/hotspot/share/prims/jni.cpp, line 632]
Event: 3108.678 Thread 0x000002b76871b000 Exception <a 'java/net/ConnectException'{0x00000000e6730ed0}: Connection refused: connect> (0x00000000e6730ed0) thrown at [./open/src/hotspot/share/prims/jni.cpp, line 632]
Event: 3108.693 Thread 0x000002b76871b000 Exception <a 'java/net/ConnectException'{0x00000000e6731e50}: Connection refused: connect> (0x00000000e6731e50) thrown at [./open/src/hotspot/share/prims/jni.cpp, line 632]
Event: 3108.738 Thread 0x000002b76871b000 Exception <a 'java/net/ConnectException'{0x00000000e6732dd0}: Connection refused: connect> (0x00000000e6732dd0) thrown at [./open/src/hotspot/share/prims/jni.cpp, line 632]
Event: 3108.786 Thread 0x000002b76871b000 Exception <a 'java/net/ConnectException'{0x00000000e6733d50}: Connection refused: connect> (0x00000000e6733d50) thrown at [./open/src/hotspot/share/prims/jni.cpp, line 632]
Event: 3108.879 Thread 0x000002b7492c5000 Exception <a 'java/lang/NullPointerException'{0x00000000e68bddf8}> (0x00000000e68bddf8) thrown at [./open/src/hotspot/share/interpreter/linkResolver.cpp, line 1354]
Event: 3108.887 Thread 0x000002b76871b000 Exception <a 'java/net/ConnectException'{0x00000000e6734cd0}: Connection refused: connect> (0x00000000e6734cd0) thrown at [./open/src/hotspot/share/prims/jni.cpp, line 632]
Event: 3108.898 Thread 0x000002b768718000 Exception <a 'java/net/ConnectException'{0x00000000e76cd578}: Connection refused: connect> (0x00000000e76cd578) thrown at [./open/src/hotspot/share/prims/jni.cpp, line 632]
Event: 3109.121 Thread 0x000002b76871b000 Exception <a 'java/net/ConnectException'{0x00000000e6735c50}: Connection refused: connect> (0x00000000e6735c50) thrown at [./open/src/hotspot/share/prims/jni.cpp, line 632]
Event: 3109.204 Thread 0x000002b768716800 Exception <a 'java/net/ConnectException'{0x00000000e639b310}: Connection refused: connect> (0x00000000e639b310) thrown at [./open/src/hotspot/share/prims/jni.cpp, line 632]

Events (10 events):
Event: 3108.939 Executing VM operation: BulkRevokeBias
Event: 3108.946 Executing VM operation: BulkRevokeBias done
Event: 3109.018 Thread 0x000002b768719800 Thread added: 0x000002b768719800
Event: 3109.019 Thread 0x000002b768715800 Thread added: 0x000002b768715800
Event: 3109.019 Thread 0x000002b76871c000 Thread added: 0x000002b76871c000
Event: 3109.156 Executing VM operation: RevokeBias
Event: 3109.173 Executing VM operation: RevokeBias done
Event: 3109.174 Thread 0x000002b768716800 Thread added: 0x000002b768716800
Event: 3109.212 Thread 0x000002b76871d000 Thread added: 0x000002b76871d000
Event: 3109.213 Thread 0x000002b76871f800 Thread added: 0x000002b76871f800


Dynamic libraries:
0x00007ff72ff90000 - 0x00007ff72ff9f000 	C:\Program Files\Java\jdk-11.0.17\bin\java.exe
0x00007fff3ec50000 - 0x00007fff3ee48000 	C:\WINDOWS\SYSTEM32\ntdll.dll
0x00007fff3dc80000 - 0x00007fff3dd3f000 	C:\WINDOWS\System32\KERNEL32.DLL
0x00007fff3c7b0000 - 0x00007fff3ca82000 	C:\WINDOWS\System32\KERNELBASE.dll
0x00007fff3ca90000 - 0x00007fff3cb90000 	C:\WINDOWS\System32\ucrtbase.dll
0x00007fff37580000 - 0x00007fff37598000 	C:\Program Files\Java\jdk-11.0.17\bin\jli.dll
0x00007fff37560000 - 0x00007fff37575000 	C:\Program Files\Java\jdk-11.0.17\bin\VCRUNTIME140.dll
0x00007fff3d2f0000 - 0x00007fff3d39e000 	C:\WINDOWS\System32\ADVAPI32.dll
0x00007fff3d1b0000 - 0x00007fff3d24e000 	C:\WINDOWS\System32\msvcrt.dll
0x00007fff3db60000 - 0x00007fff3dbfc000 	C:\WINDOWS\System32\sechost.dll
0x00007fff3dd40000 - 0x00007fff3de64000 	C:\WINDOWS\System32\RPCRT4.dll
0x00007fff3ea60000 - 0x00007fff3ec01000 	C:\WINDOWS\System32\USER32.dll
0x00007fff2aea0000 - 0x00007fff2b13a000 	C:\WINDOWS\WinSxS\amd64_microsoft.windows.common-controls_6595b64144ccf1df_6.0.19041.1110_none_60b5254171f9507e\COMCTL32.dll
0x00007fff3c400000 - 0x00007fff3c422000 	C:\WINDOWS\System32\win32u.dll
0x00007fff3e8d0000 - 0x00007fff3e8fb000 	C:\WINDOWS\System32\GDI32.dll
0x00007fff3cb90000 - 0x00007fff3cc9f000 	C:\WINDOWS\System32\gdi32full.dll
0x00007fff3c6c0000 - 0x00007fff3c75d000 	C:\WINDOWS\System32\msvcp_win.dll
0x00007fff34cc0000 - 0x00007fff34cca000 	C:\WINDOWS\SYSTEM32\VERSION.dll
0x00007fff3d530000 - 0x00007fff3d560000 	C:\WINDOWS\System32\IMM32.DLL
0x00007fff35270000 - 0x00007fff3530b000 	C:\Program Files\Java\jdk-11.0.17\bin\msvcp140.dll
0x00007ffef6820000 - 0x00007ffef733a000 	C:\Program Files\Java\jdk-11.0.17\bin\server\jvm.dll
0x00007fff3e8c0000 - 0x00007fff3e8c8000 	C:\WINDOWS\System32\PSAPI.DLL
0x00007fff29da0000 - 0x00007fff29dc7000 	C:\WINDOWS\SYSTEM32\WINMM.dll
0x00007fff25dc0000 - 0x00007fff25dc9000 	C:\WINDOWS\SYSTEM32\WSOCK32.dll
0x00007fff3e990000 - 0x00007fff3e9fb000 	C:\WINDOWS\System32\WS2_32.dll
0x00007fff3aba0000 - 0x00007fff3abb2000 	C:\WINDOWS\SYSTEM32\kernel.appcore.dll
0x00007fff37550000 - 0x00007fff37560000 	C:\Program Files\Java\jdk-11.0.17\bin\verify.dll
0x00007fff3a8b0000 - 0x00007fff3aa94000 	C:\WINDOWS\SYSTEM32\DBGHELP.DLL
0x00007fff21c90000 - 0x00007fff21cc5000 	C:\WINDOWS\SYSTEM32\dbgcore.DLL
0x00007fff3c5c0000 - 0x00007fff3c642000 	C:\WINDOWS\System32\bcryptPrimitives.dll
0x00007fff35c40000 - 0x00007fff35c68000 	C:\Program Files\Java\jdk-11.0.17\bin\java.dll
0x00007fff37540000 - 0x00007fff3754a000 	C:\Program Files\Java\jdk-11.0.17\bin\jimage.dll
0x00007fff35ce0000 - 0x00007fff35cf6000 	C:\Program Files\Java\jdk-11.0.17\bin\zip.dll
0x00007fff3e170000 - 0x00007fff3e8b5000 	C:\WINDOWS\System32\SHELL32.dll
0x00007fff3a040000 - 0x00007fff3a7d2000 	C:\WINDOWS\SYSTEM32\windows.storage.dll
0x00007fff3ce50000 - 0x00007fff3d1a5000 	C:\WINDOWS\System32\combase.dll
0x00007fff3bdb0000 - 0x00007fff3bde0000 	C:\WINDOWS\SYSTEM32\Wldp.dll
0x00007fff3de70000 - 0x00007fff3df1d000 	C:\WINDOWS\System32\SHCORE.dll
0x00007fff3ea00000 - 0x00007fff3ea55000 	C:\WINDOWS\System32\shlwapi.dll
0x00007fff3c290000 - 0x00007fff3c2af000 	C:\WINDOWS\SYSTEM32\profapi.dll
0x00007fff35c20000 - 0x00007fff35c39000 	C:\Program Files\Java\jdk-11.0.17\bin\net.dll
0x00007fff36ca0000 - 0x00007fff36daa000 	C:\WINDOWS\SYSTEM32\WINHTTP.dll
0x00007fff3bb10000 - 0x00007fff3bb7a000 	C:\WINDOWS\system32\mswsock.dll
0x00007fff35c00000 - 0x00007fff35c12000 	C:\Program Files\Java\jdk-11.0.17\bin\nio.dll
0x00007fff3bd00000 - 0x00007fff3bd18000 	C:\WINDOWS\SYSTEM32\CRYPTSP.dll
0x00007fff3b3c0000 - 0x00007fff3b3f4000 	C:\WINDOWS\system32\rsaenh.dll
0x00007fff3c430000 - 0x00007fff3c457000 	C:\WINDOWS\System32\bcrypt.dll
0x00007fff3c250000 - 0x00007fff3c27e000 	C:\WINDOWS\SYSTEM32\USERENV.dll
0x00007fff3bd20000 - 0x00007fff3bd2c000 	C:\WINDOWS\SYSTEM32\CRYPTBASE.dll
0x00007fff3b7b0000 - 0x00007fff3b7eb000 	C:\WINDOWS\SYSTEM32\IPHLPAPI.DLL
0x00007fff3e960000 - 0x00007fff3e968000 	C:\WINDOWS\System32\NSI.dll
0x00007fff2ebe0000 - 0x00007fff2ebf7000 	C:\WINDOWS\SYSTEM32\dhcpcsvc6.DLL
0x00007fff2ee40000 - 0x00007fff2ee5d000 	C:\WINDOWS\SYSTEM32\dhcpcsvc.DLL
0x00007fff3b7f0000 - 0x00007fff3b8bb000 	C:\WINDOWS\SYSTEM32\DNSAPI.dll
0x00007fff26330000 - 0x00007fff26355000 	C:\Program Files\Java\jdk-11.0.17\bin\sunec.dll
0x00007fff2ebd0000 - 0x00007fff2ebda000 	C:\Windows\System32\rasadhlp.dll
0x00007fff2b870000 - 0x00007fff2b8f0000 	C:\WINDOWS\System32\fwpuclnt.dll
0x00007fff35260000 - 0x00007fff35269000 	C:\Program Files\Java\jdk-11.0.17\bin\management.dll
0x00007fff35020000 - 0x00007fff3502b000 	C:\Program Files\Java\jdk-11.0.17\bin\management_ext.dll
0x00007ffeef050000 - 0x00007ffeef067000 	C:\WINDOWS\system32\napinsp.dll
0x00007ffeecdd0000 - 0x00007ffeecdeb000 	C:\WINDOWS\system32\pnrpnsp.dll
0x00007fff36830000 - 0x00007fff36845000 	C:\WINDOWS\system32\wshbth.dll
0x00007fff374e0000 - 0x00007fff374fd000 	C:\WINDOWS\system32\NLAapi.dll
0x00007ffeecc80000 - 0x00007ffeecc92000 	C:\WINDOWS\System32\winrnr.dll
0x00007fff36070000 - 0x00007fff3607d000 	C:\Program Files\Java\jdk-11.0.17\bin\sunmscapi.dll
0x00007fff3c460000 - 0x00007fff3c5b6000 	C:\WINDOWS\System32\CRYPT32.dll
0x00007fff3be20000 - 0x00007fff3be47000 	C:\WINDOWS\SYSTEM32\ncrypt.dll
0x00007fff3bde0000 - 0x00007fff3be1b000 	C:\WINDOWS\SYSTEM32\NTASN1.dll

dbghelp: loaded successfully - version: 4.0.5 - missing functions: none
symbol engine: initialized successfully - sym options: 0x614 - pdb path: .;C:\Program Files\Java\jdk-11.0.17\bin;C:\WINDOWS\SYSTEM32;C:\WINDOWS\WinSxS\amd64_microsoft.windows.common-controls_6595b64144ccf1df_6.0.19041.1110_none_60b5254171f9507e;C:\Program Files\Java\jdk-11.0.17\bin\server

VM Arguments:
jvm_args: -Dorg.gradle.internal.worker.tmpdir=E:\Repo\Test-Automation-Framework-API-Web-UI\build\tmp\test\work -Dorg.gradle.native=false -Xmx512m -Dfile.encoding=windows-1252 -Duser.country=US -Duser.language=en -Duser.variant -ea 
java_command: worker.org.gradle.process.internal.worker.GradleWorkerMain 'Gradle Test Executor 1'
java_class_path (initial): C:\\Users\\PPSPM\\.gradle\\caches\\7.5.1\\workerMain\\gradle-worker.jar;E:\\Repo\\Test-Automation-Framework-API-Web-UI\\build\\classes\\java\\test;E:\\Repo\\Test-Automation-Framework-API-Web-UI\\build\\resources\\test;E:\\Repo\\Test-Automation-Framework-API-Web-UI\\build\\classes\\java\\main;C:\\Users\\PPSPM\\.gradle\\caches\\modules-2\\files-2.1\\org.seleniumhq.selenium\\selenium-java\\4.5.0\\daf29450e6357c2d4ad816787a4c71f90139401d\\selenium-java-4.5.0.jar;C:\\Users\\PPSPM\\.gradle\\caches\\modules-2\\files-2.1\\io.github.bonigarcia\\webdrivermanager\\5.3.0\\937cacffc294ce161d02772b58521720a7c8e36a\\webdrivermanager-5.3.0.jar;C:\\Users\\PPSPM\\.gradle\\caches\\modules-2\\files-2.1\\io.cucumber\\cucumber-java\\7.8.1\\ec919b02fdf4d5394ce63b95ead70955b8f1c077\\cucumber-java-7.8.1.jar;C:\\Users\\PPSPM\\.gradle\\caches\\modules-2\\files-2.1\\io.cucumber\\cucumber-junit\\7.8.1\\23fb0bd775189bdbf8b42b9a4860f09ebd7d5166\\cucumber-junit-7.8.1.jar;C:\\Users\\PPSPM\\.gradle\\caches\\modules-2\\files-2.1\\org.junit.platform\\junit-platform-engine\\1.9.2\\40aeef2be7b04f96bb91e8b054affc28b7c7c935\\junit-platform-engine-1.9.2.jar;C:\\Users\\PPSPM\\.gradle\\caches\\modules-2\\files-2.1\\org.junit.platform\\junit-platform-commons\\1.9.2\\6f9f8621d8230cd38aa42e58ccbc0c00569131ce\\junit-platform-commons-1.9.2.jar;C:\\Users\\PPSPM\\.gradle\\caches\\modules-2\\files-2.1\\org.junit.jupiter\\junit-jupiter-engine\\5.9.2\\572f7a553b53f83ee59cc045ce1c3772864ab76c\\junit-jupiter-engine-5.9.2.jar;C:\\Users\\PPSPM\\.gradle\\caches\\modules-2\\files-2.1\\org.junit.jupiter\\junit-jupiter-api\\5.9.2\\fed843581520eac594bc36bb4b0f55e7b947dda9\\junit-jupiter-api-5.9.2.jar;C:\\Users\\PPSPM\\.gradle\\caches\\modules-2\\files-2.1\\org.seleniumhq.selenium\\selenium-chrome-driver\\4.5.0\\7f2b9915d959153b32102654b1723f920b6c0136\\selenium-chrome-driver-4.5.0.jar;C:\\Users\\PPSPM\\.gradle\\caches\\modules-2\\files-2.1\\org.seleniumhq.selenium\\selenium-devtools-v104\\4.5.0\\55
Launcher Type: SUN_STANDARD

[Global flags]
     intx CICompilerCount                          = 3                                         {product} {ergonomic}
     uint ConcGCThreads                            = 1                                         {product} {ergonomic}
     uint G1ConcRefinementThreads                  = 4                                         {product} {ergonomic}
   size_t G1HeapRegionSize                         = 1048576                                   {product} {ergonomic}
    uintx GCDrainStackTargetSize                   = 64                                        {product} {ergonomic}
   size_t InitialHeapSize                          = 130023424                                 {product} {ergonomic}
   size_t MarkStackSize                            = 4194304                                   {product} {ergonomic}
   size_t MaxHeapSize                              = 536870912                                 {product} {command line}
   size_t MaxNewSize                               = 321912832                                 {product} {ergonomic}
   size_t MinHeapDeltaBytes                        = 1048576                                   {product} {ergonomic}
    uintx NonNMethodCodeHeapSize                   = 5830732                                {pd product} {ergonomic}
    uintx NonProfiledCodeHeapSize                  = 122913754                              {pd product} {ergonomic}
    uintx ProfiledCodeHeapSize                     = 122913754                              {pd product} {ergonomic}
    uintx ReservedCodeCacheSize                    = 251658240                              {pd product} {ergonomic}
     bool SegmentedCodeCache                       = true                                      {product} {ergonomic}
     bool UseCompressedClassPointers               = true                                 {lp64_product} {ergonomic}
     bool UseCompressedOops                        = true                                 {lp64_product} {ergonomic}
     bool UseG1GC                                  = true                                      {product} {ergonomic}
     bool UseLargePagesIndividualAllocation        = false                                  {pd product} {ergonomic}

Logging:
Log output configuration:
 #0: stdout all=warning uptime,level,tags
 #1: stderr all=off uptime,level,tags

Environment Variables:
CLASSPATH=E:\Repo\Test-Automation-Framework-API-Web-UI\\gradle\wrapper\gradle-wrapper.jar
PATH=C:\Program Files\Java\jdk-11.0.17\bin;C:\Program Files\Common Files\Oracle\Java\javapath;C:\Program Files (x86)\Common Files\Oracle\Java\javapath;C:\WINDOWS\system32;C:\WINDOWS;C:\WINDOWS\System32\Wbem;C:\WINDOWS\System32\WindowsPowerShell\v1.0\;C:\WINDOWS\System32\OpenSSH\;C:\Program Files\Java\jdk1.8.0_361\bin;C:\Gradle\gradle-7.5.1\bin;C:\Program Files\Git\cmd;C:\Users\PPSPM\scoop\shims;C:\Users\PPSPM\AppData\Local\Microsoft\WindowsApps;;C:\Users\PPSPM\AppData\Local\Programs\Microsoft VS Code\bin
USERNAME=PPSPM
OS=Windows_NT
PROCESSOR_IDENTIFIER=Intel64 Family 6 Model 78 Stepping 3, GenuineIntel



---------------  S Y S T E M  ---------------

OS: Windows 10 , 64 bit Build 19041 (10.0.19041.2546)

CPU:total 4 (initial active 4) (2 cores per cpu, 2 threads per core) family 6 model 78 stepping 3 microcode 0xcc, cmov, cx8, fxsr, mmx, sse, sse2, sse3, ssse3, sse4.1, sse4.2, popcnt, avx, avx2, aes, clmul, erms, rtm, 3dnowpref, lzcnt, ht, tsc, tscinvbit, bmi1, bmi2, adx, fma

Memory: 4k page, system-wide physical 7876M (359M free)
TotalPageFile size 25901M (AvailPageFile size 4M)
current process WorkingSet (physical memory assigned to process): 180M, peak: 272M
current process commit charge ("private bytes"): 349M, peak: 350M

vm_info: Java HotSpot(TM) 64-Bit Server VM (11.0.17+10-LTS-269) for windows-amd64 JRE (11.0.17+10-LTS-269), built on Sep 13 2022 19:26:37 by "mach5one" with MS VC++ 15.9 (VS2017)

END.
